


ARM Macro Assembler    Page 1 


    1 00000000         #line   1                "..\\mbed\\targets\\TARGET_STM\
\TARGET_STM32F0\\TARGET_NUCLEO_F030R8\\device\\TOOLCHAIN_ARM_STD\\startup_stm32
f030x8.S"
    1 00000000         ; STM32F030x8 devices vector table for MDK ARM_STD toolc
                       hain
    2 00000000         ;;;;;;;;;;;;;;;;;;;;;;;;;;;;;;;;;;;;;;;;;;;;;;;;;;;;;;;;
                       ;;;;;;;;;;;;;;;;;;;;;;;;
    3 00000000         ; Copyright (c) 2014, STMicroelectronics
    4 00000000         ; All rights reserved.
    5 00000000         ;
    6 00000000         ; Redistribution and use in source and binary forms, wit
                       h or without
    7 00000000         ; modification, are permitted provided that the followin
                       g conditions are met:
    8 00000000         ;
    9 00000000         ; 1. Redistributions of source code must retain the abov
                       e copyright notice,
   10 00000000         ;     this list of conditions and the following disclaim
                       er.
   11 00000000         ; 2. Redistributions in binary form must reproduce the a
                       bove copyright notice,
   12 00000000         ;    this list of conditions and the following disclaime
                       r in the documentation
   13 00000000         ;    and/or other materials provided with the distributi
                       on.
   14 00000000         ; 3. Neither the name of STMicroelectronics nor the name
                       s of its contributors
   15 00000000         ;    may be used to endorse or promote products derived 
                       from this software
   16 00000000         ;    without specific prior written permission.
   17 00000000         ;
   18 00000000         ; THIS SOFTWARE IS PROVIDED BY THE COPYRIGHT HOLDERS AND
                        CONTRIBUTORS "AS IS"
   19 00000000         ; AND ANY EXPRESS OR IMPLIED WARRANTIES, INCLUDING, BUT 
                       NOT LIMITED TO, THE
   20 00000000         ; IMPLIED WARRANTIES OF MERCHANTABILITY AND FITNESS FOR 
                       A PARTICULAR PURPOSE ARE
   21 00000000         ; DISCLAIMED. IN NO EVENT SHALL THE COPYRIGHT HOLDER OR 
                       CONTRIBUTORS BE LIABLE
   22 00000000         ; FOR ANY DIRECT, INDIRECT, INCIDENTAL, SPECIAL, EXEMPLA
                       RY, OR CONSEQUENTIAL
   23 00000000         ; DAMAGES (INCLUDING, BUT NOT LIMITED TO, PROCUREMENT OF
                        SUBSTITUTE GOODS OR
   24 00000000         ; SERVICES; LOSS OF USE, DATA, OR PROFITS; OR BUSINESS I
                       NTERRUPTION) HOWEVER
   25 00000000         ; CAUSED AND ON ANY THEORY OF LIABILITY, WHETHER IN CONT
                       RACT, STRICT LIABILITY,
   26 00000000         ; OR TORT (INCLUDING NEGLIGENCE OR OTHERWISE) ARISING IN
                        ANY WAY OUT OF THE USE
   27 00000000         ; OF THIS SOFTWARE, EVEN IF ADVISED OF THE POSSIBILITY O
                       F SUCH DAMAGE.
   28 00000000         ;;;;;;;;;;;;;;;;;;;;;;;;;;;;;;;;;;;;;;;;;;;;;;;;;;;;;;;;
                       ;;;;;;;;;;;;;;;;;;;;;;;;
   29 00000000         
   30 00000000 20002000 
                       __initial_sp
                               EQU              0x20002000  ; Top of RAM (8 KB 
                                                            for STM32F030R8)
   31 00000000         



ARM Macro Assembler    Page 2 


   32 00000000                 PRESERVE8
   33 00000000                 THUMB
   34 00000000         
   35 00000000         
   36 00000000         ; Vector Table Mapped to Address 0 at Reset
   37 00000000                 AREA             RESET, DATA, READONLY
   38 00000000                 EXPORT           __Vectors
   39 00000000                 EXPORT           __Vectors_End
   40 00000000                 EXPORT           __Vectors_Size
   41 00000000         
   42 00000000 20002000 
                       __Vectors
                               DCD              __initial_sp ; Top of Stack
   43 00000004 00000000        DCD              Reset_Handler ; Reset Handler
   44 00000008 00000000        DCD              NMI_Handler ; NMI Handler
   45 0000000C 00000000        DCD              HardFault_Handler ; Hard Fault 
                                                            Handler
   46 00000010 00000000        DCD              0           ; Reserved
   47 00000014 00000000        DCD              0           ; Reserved
   48 00000018 00000000        DCD              0           ; Reserved
   49 0000001C 00000000        DCD              0           ; Reserved
   50 00000020 00000000        DCD              0           ; Reserved
   51 00000024 00000000        DCD              0           ; Reserved
   52 00000028 00000000        DCD              0           ; Reserved
   53 0000002C 00000000        DCD              SVC_Handler ; SVCall Handler
   54 00000030 00000000        DCD              0           ; Reserved
   55 00000034 00000000        DCD              0           ; Reserved
   56 00000038 00000000        DCD              PendSV_Handler ; PendSV Handler
                                                            
   57 0000003C 00000000        DCD              SysTick_Handler 
                                                            ; SysTick Handler
   58 00000040         
   59 00000040         ; External Interrupts
   60 00000040 00000000        DCD              WWDG_IRQHandler 
                                                            ; Window Watchdog
   61 00000044 00000000        DCD              0           ; Reserved
   62 00000048 00000000        DCD              RTC_IRQHandler ; RTC through EX
                                                            TI Line
   63 0000004C 00000000        DCD              FLASH_IRQHandler ; FLASH
   64 00000050 00000000        DCD              RCC_IRQHandler ; RCC
   65 00000054 00000000        DCD              EXTI0_1_IRQHandler 
                                                            ; EXTI Line 0 and 1
                                                            
   66 00000058 00000000        DCD              EXTI2_3_IRQHandler 
                                                            ; EXTI Line 2 and 3
                                                            
   67 0000005C 00000000        DCD              EXTI4_15_IRQHandler 
                                                            ; EXTI Line 4 to 15
                                                            
   68 00000060 00000000        DCD              0           ; Reserved
   69 00000064 00000000        DCD              DMA1_Channel1_IRQHandler 
                                                            ; DMA1 Channel 1
   70 00000068 00000000        DCD              DMA1_Channel2_3_IRQHandler ; DM
                                                            A1 Channel 2 and Ch
                                                            annel 3
   71 0000006C 00000000        DCD              DMA1_Channel4_5_IRQHandler ; DM
                                                            A1 Channel 4 and Ch
                                                            annel 5
   72 00000070 00000000        DCD              ADC1_IRQHandler ; ADC1 



ARM Macro Assembler    Page 3 


   73 00000074 00000000        DCD              TIM1_BRK_UP_TRG_COM_IRQHandler 
                                                            ; TIM1 Break, Updat
                                                            e, Trigger and Comm
                                                            utation
   74 00000078 00000000        DCD              TIM1_CC_IRQHandler ; TIM1 Captu
                                                            re Compare
   75 0000007C 00000000        DCD              0           ; Reserved
   76 00000080 00000000        DCD              TIM3_IRQHandler ; TIM3
   77 00000084 00000000        DCD              TIM6_IRQHandler ; TIM6
   78 00000088 00000000        DCD              0           ; Reserved
   79 0000008C 00000000        DCD              TIM14_IRQHandler ; TIM14
   80 00000090 00000000        DCD              TIM15_IRQHandler ; TIM15
   81 00000094 00000000        DCD              TIM16_IRQHandler ; TIM16
   82 00000098 00000000        DCD              TIM17_IRQHandler ; TIM17
   83 0000009C 00000000        DCD              I2C1_IRQHandler ; I2C1
   84 000000A0 00000000        DCD              I2C2_IRQHandler ; I2C2
   85 000000A4 00000000        DCD              SPI1_IRQHandler ; SPI1
   86 000000A8 00000000        DCD              SPI2_IRQHandler ; SPI2
   87 000000AC 00000000        DCD              USART1_IRQHandler ; USART1
   88 000000B0 00000000        DCD              USART2_IRQHandler ; USART2
   89 000000B4         
   90 000000B4         __Vectors_End
   91 000000B4         
   92 000000B4 000000B4 
                       __Vectors_Size
                               EQU              __Vectors_End - __Vectors
   93 000000B4         
   94 000000B4                 AREA             |.text|, CODE, READONLY
   95 00000000         
   96 00000000         ; Reset handler routine
   97 00000000         Reset_Handler
                               PROC
   98 00000000                 EXPORT           Reset_Handler                 [
WEAK]
   99 00000000                 IMPORT           __main
  100 00000000                 IMPORT           SystemInit
  101 00000000 4804            LDR              R0, =SystemInit
  102 00000002 4780            BLX              R0
  103 00000004 4804            LDR              R0, =__main
  104 00000006 4700            BX               R0
  105 00000008                 ENDP
  106 00000008         
  107 00000008         ; Dummy Exception Handlers (infinite loops which can be 
                       modified)
  108 00000008         
  109 00000008         NMI_Handler
                               PROC
  110 00000008                 EXPORT           NMI_Handler                    
[WEAK]
  111 00000008 E7FE            B                .
  112 0000000A                 ENDP
  113 0000000A         HardFault_Handler
                               PROC
  114 0000000A         
  115 0000000A                 EXPORT           HardFault_Handler              
[WEAK]
  116 0000000A E7FE            B                .
  117 0000000C                 ENDP
  118 0000000C         SVC_Handler



ARM Macro Assembler    Page 4 


                               PROC
  119 0000000C                 EXPORT           SVC_Handler                    
[WEAK]
  120 0000000C E7FE            B                .
  121 0000000E                 ENDP
  122 0000000E         PendSV_Handler
                               PROC
  123 0000000E                 EXPORT           PendSV_Handler                 
[WEAK]
  124 0000000E E7FE            B                .
  125 00000010                 ENDP
  126 00000010         SysTick_Handler
                               PROC
  127 00000010                 EXPORT           SysTick_Handler                
[WEAK]
  128 00000010 E7FE            B                .
  129 00000012                 ENDP
  130 00000012         
  131 00000012         Default_Handler
                               PROC
  132 00000012         
  133 00000012                 EXPORT           WWDG_IRQHandler                
[WEAK]
  134 00000012                 EXPORT           RTC_IRQHandler                 
[WEAK]
  135 00000012                 EXPORT           FLASH_IRQHandler               
[WEAK]
  136 00000012                 EXPORT           RCC_IRQHandler                 
[WEAK]
  137 00000012                 EXPORT           EXTI0_1_IRQHandler             
[WEAK]
  138 00000012                 EXPORT           EXTI2_3_IRQHandler             
[WEAK]
  139 00000012                 EXPORT           EXTI4_15_IRQHandler            
[WEAK]
  140 00000012                 EXPORT           DMA1_Channel1_IRQHandler       
[WEAK]
  141 00000012                 EXPORT           DMA1_Channel2_3_IRQHandler     
[WEAK]
  142 00000012                 EXPORT           DMA1_Channel4_5_IRQHandler     
[WEAK]
  143 00000012                 EXPORT           ADC1_IRQHandler                
[WEAK]
  144 00000012                 EXPORT           TIM1_BRK_UP_TRG_COM_IRQHandler 
[WEAK]
  145 00000012                 EXPORT           TIM1_CC_IRQHandler             
[WEAK]
  146 00000012                 EXPORT           TIM3_IRQHandler                
[WEAK]
  147 00000012                 EXPORT           TIM6_IRQHandler                
[WEAK]
  148 00000012                 EXPORT           TIM14_IRQHandler               
[WEAK]
  149 00000012                 EXPORT           TIM15_IRQHandler               
[WEAK]
  150 00000012                 EXPORT           TIM16_IRQHandler               
[WEAK]
  151 00000012                 EXPORT           TIM17_IRQHandler               
[WEAK]



ARM Macro Assembler    Page 5 


  152 00000012                 EXPORT           I2C1_IRQHandler                
[WEAK]
  153 00000012                 EXPORT           I2C2_IRQHandler                
[WEAK]
  154 00000012                 EXPORT           SPI1_IRQHandler                
[WEAK]
  155 00000012                 EXPORT           SPI2_IRQHandler                
[WEAK]
  156 00000012                 EXPORT           USART1_IRQHandler              
[WEAK]
  157 00000012                 EXPORT           USART2_IRQHandler              
[WEAK]
  158 00000012         
  159 00000012         
  160 00000012         WWDG_IRQHandler
  161 00000012         RTC_IRQHandler
  162 00000012         FLASH_IRQHandler
  163 00000012         RCC_IRQHandler
  164 00000012         EXTI0_1_IRQHandler
  165 00000012         EXTI2_3_IRQHandler
  166 00000012         EXTI4_15_IRQHandler
  167 00000012         DMA1_Channel1_IRQHandler
  168 00000012         DMA1_Channel2_3_IRQHandler
  169 00000012         DMA1_Channel4_5_IRQHandler
  170 00000012         ADC1_IRQHandler
  171 00000012         TIM1_BRK_UP_TRG_COM_IRQHandler
  172 00000012         TIM1_CC_IRQHandler
  173 00000012         TIM3_IRQHandler
  174 00000012         TIM6_IRQHandler
  175 00000012         TIM14_IRQHandler
  176 00000012         TIM15_IRQHandler
  177 00000012         TIM16_IRQHandler
  178 00000012         TIM17_IRQHandler
  179 00000012         I2C1_IRQHandler
  180 00000012         I2C2_IRQHandler
  181 00000012         SPI1_IRQHandler
  182 00000012         SPI2_IRQHandler
  183 00000012         USART1_IRQHandler
  184 00000012         USART2_IRQHandler
  185 00000012         
  186 00000012 E7FE            B                .
  187 00000014         
  188 00000014                 ENDP
  189 00000014         
  190 00000014                 ALIGN
  191 00000014                 END
              00000000 
              00000000 
Command Line: --debug --xref --cpreproc --diag_suppress=9931 --cpu=Cortex-M0 --
apcs=interwork --depend=.\build\startup_stm32f030x8.d -o.\build\startup_stm32f0
30x8.o -I.\mbed -I..\user -I.\mbed\drivers -I.\mbed\hal -I.\mbed\hal\mpu -I.\mb
ed\hal\storage_abstraction -I.\mbed\hal\TARGET_FLASH_CMSIS_ALGO -I.\mbed\platfo
rm -I.\mbed\TARGET_NUCLEO_F030R8 -I.\mbed\TARGET_NUCLEO_F030R8\device -I.\mbed\
cmsis -I.\mbed\cmsis\TARGET_CORTEX_M -IE:\electronics\mbed\NUCLEO-F030R8\Demo_F
030R8\project\RTE -ID:\Keil_v5\ARM\PACK\Keil\STM32F0xx_DFP\1.5.0\Device\Include
 -ID:\Keil_v5\ARM\CMSIS\Include --predefine="__UVISION_VERSION SETA 521" --pred
efine="STM32F030x8 SETA 1" --cpreproc_opts=-D__ASSERT_MSG,-D__CORTEX_M0,-DTRANS
ACTION_QUEUE_SIZE_SPI=2,-DCMSIS_VECTAB_VIRTUAL,-DARM_MATH_CM0,-D__MBED_CMSIS_RT
OS_CM,-DCMSIS_VECTAB_VIRTUAL_HEADER_FILE=cmsis_nvic.h,-D__CMSIS_RTOS --list=.\b



ARM Macro Assembler    Page 6 


uild\startup_stm32f030x8.lst ..\mbed\targets\TARGET_STM\TARGET_STM32F0\TARGET_N
UCLEO_F030R8\device\TOOLCHAIN_ARM_STD\startup_stm32f030x8.S



ARM Macro Assembler    Page 1 Alphabetic symbol ordering
Relocatable symbols

RESET 00000000

Symbol: RESET
   Definitions
      At line 37 in file ..\\mbed\\targets\\TARGET_STM\\TARGET_STM32F0\\TARGET_
NUCLEO_F030R8\\device\\TOOLCHAIN_ARM_STD\\startup_stm32f030x8.S
   Uses
      None
Comment: RESET unused
__Vectors 00000000

Symbol: __Vectors
   Definitions
      At line 42 in file ..\\mbed\\targets\\TARGET_STM\\TARGET_STM32F0\\TARGET_
NUCLEO_F030R8\\device\\TOOLCHAIN_ARM_STD\\startup_stm32f030x8.S
   Uses
      At line 38 in file ..\\mbed\\targets\\TARGET_STM\\TARGET_STM32F0\\TARGET_
NUCLEO_F030R8\\device\\TOOLCHAIN_ARM_STD\\startup_stm32f030x8.S
      At line 92 in file ..\\mbed\\targets\\TARGET_STM\\TARGET_STM32F0\\TARGET_
NUCLEO_F030R8\\device\\TOOLCHAIN_ARM_STD\\startup_stm32f030x8.S

__Vectors_End 000000B4

Symbol: __Vectors_End
   Definitions
      At line 90 in file ..\\mbed\\targets\\TARGET_STM\\TARGET_STM32F0\\TARGET_
NUCLEO_F030R8\\device\\TOOLCHAIN_ARM_STD\\startup_stm32f030x8.S
   Uses
      At line 39 in file ..\\mbed\\targets\\TARGET_STM\\TARGET_STM32F0\\TARGET_
NUCLEO_F030R8\\device\\TOOLCHAIN_ARM_STD\\startup_stm32f030x8.S
      At line 92 in file ..\\mbed\\targets\\TARGET_STM\\TARGET_STM32F0\\TARGET_
NUCLEO_F030R8\\device\\TOOLCHAIN_ARM_STD\\startup_stm32f030x8.S

3 symbols



ARM Macro Assembler    Page 1 Alphabetic symbol ordering
Relocatable symbols

.text 00000000

Symbol: .text
   Definitions
      At line 94 in file ..\\mbed\\targets\\TARGET_STM\\TARGET_STM32F0\\TARGET_
NUCLEO_F030R8\\device\\TOOLCHAIN_ARM_STD\\startup_stm32f030x8.S
   Uses
      None
Comment: .text unused
ADC1_IRQHandler 00000012

Symbol: ADC1_IRQHandler
   Definitions
      At line 170 in file ..\\mbed\\targets\\TARGET_STM\\TARGET_STM32F0\\TARGET
_NUCLEO_F030R8\\device\\TOOLCHAIN_ARM_STD\\startup_stm32f030x8.S
   Uses
      At line 72 in file ..\\mbed\\targets\\TARGET_STM\\TARGET_STM32F0\\TARGET_
NUCLEO_F030R8\\device\\TOOLCHAIN_ARM_STD\\startup_stm32f030x8.S
      At line 143 in file ..\\mbed\\targets\\TARGET_STM\\TARGET_STM32F0\\TARGET
_NUCLEO_F030R8\\device\\TOOLCHAIN_ARM_STD\\startup_stm32f030x8.S

DMA1_Channel1_IRQHandler 00000012

Symbol: DMA1_Channel1_IRQHandler
   Definitions
      At line 167 in file ..\\mbed\\targets\\TARGET_STM\\TARGET_STM32F0\\TARGET
_NUCLEO_F030R8\\device\\TOOLCHAIN_ARM_STD\\startup_stm32f030x8.S
   Uses
      At line 69 in file ..\\mbed\\targets\\TARGET_STM\\TARGET_STM32F0\\TARGET_
NUCLEO_F030R8\\device\\TOOLCHAIN_ARM_STD\\startup_stm32f030x8.S
      At line 140 in file ..\\mbed\\targets\\TARGET_STM\\TARGET_STM32F0\\TARGET
_NUCLEO_F030R8\\device\\TOOLCHAIN_ARM_STD\\startup_stm32f030x8.S

DMA1_Channel2_3_IRQHandler 00000012

Symbol: DMA1_Channel2_3_IRQHandler
   Definitions
      At line 168 in file ..\\mbed\\targets\\TARGET_STM\\TARGET_STM32F0\\TARGET
_NUCLEO_F030R8\\device\\TOOLCHAIN_ARM_STD\\startup_stm32f030x8.S
   Uses
      At line 70 in file ..\\mbed\\targets\\TARGET_STM\\TARGET_STM32F0\\TARGET_
NUCLEO_F030R8\\device\\TOOLCHAIN_ARM_STD\\startup_stm32f030x8.S
      At line 141 in file ..\\mbed\\targets\\TARGET_STM\\TARGET_STM32F0\\TARGET
_NUCLEO_F030R8\\device\\TOOLCHAIN_ARM_STD\\startup_stm32f030x8.S

DMA1_Channel4_5_IRQHandler 00000012

Symbol: DMA1_Channel4_5_IRQHandler
   Definitions
      At line 169 in file ..\\mbed\\targets\\TARGET_STM\\TARGET_STM32F0\\TARGET
_NUCLEO_F030R8\\device\\TOOLCHAIN_ARM_STD\\startup_stm32f030x8.S
   Uses
      At line 71 in file ..\\mbed\\targets\\TARGET_STM\\TARGET_STM32F0\\TARGET_
NUCLEO_F030R8\\device\\TOOLCHAIN_ARM_STD\\startup_stm32f030x8.S
      At line 142 in file ..\\mbed\\targets\\TARGET_STM\\TARGET_STM32F0\\TARGET
_NUCLEO_F030R8\\device\\TOOLCHAIN_ARM_STD\\startup_stm32f030x8.S

Default_Handler 00000012




ARM Macro Assembler    Page 2 Alphabetic symbol ordering
Relocatable symbols

Symbol: Default_Handler
   Definitions
      At line 131 in file ..\\mbed\\targets\\TARGET_STM\\TARGET_STM32F0\\TARGET
_NUCLEO_F030R8\\device\\TOOLCHAIN_ARM_STD\\startup_stm32f030x8.S
   Uses
      None
Comment: Default_Handler unused
EXTI0_1_IRQHandler 00000012

Symbol: EXTI0_1_IRQHandler
   Definitions
      At line 164 in file ..\\mbed\\targets\\TARGET_STM\\TARGET_STM32F0\\TARGET
_NUCLEO_F030R8\\device\\TOOLCHAIN_ARM_STD\\startup_stm32f030x8.S
   Uses
      At line 65 in file ..\\mbed\\targets\\TARGET_STM\\TARGET_STM32F0\\TARGET_
NUCLEO_F030R8\\device\\TOOLCHAIN_ARM_STD\\startup_stm32f030x8.S
      At line 137 in file ..\\mbed\\targets\\TARGET_STM\\TARGET_STM32F0\\TARGET
_NUCLEO_F030R8\\device\\TOOLCHAIN_ARM_STD\\startup_stm32f030x8.S

EXTI2_3_IRQHandler 00000012

Symbol: EXTI2_3_IRQHandler
   Definitions
      At line 165 in file ..\\mbed\\targets\\TARGET_STM\\TARGET_STM32F0\\TARGET
_NUCLEO_F030R8\\device\\TOOLCHAIN_ARM_STD\\startup_stm32f030x8.S
   Uses
      At line 66 in file ..\\mbed\\targets\\TARGET_STM\\TARGET_STM32F0\\TARGET_
NUCLEO_F030R8\\device\\TOOLCHAIN_ARM_STD\\startup_stm32f030x8.S
      At line 138 in file ..\\mbed\\targets\\TARGET_STM\\TARGET_STM32F0\\TARGET
_NUCLEO_F030R8\\device\\TOOLCHAIN_ARM_STD\\startup_stm32f030x8.S

EXTI4_15_IRQHandler 00000012

Symbol: EXTI4_15_IRQHandler
   Definitions
      At line 166 in file ..\\mbed\\targets\\TARGET_STM\\TARGET_STM32F0\\TARGET
_NUCLEO_F030R8\\device\\TOOLCHAIN_ARM_STD\\startup_stm32f030x8.S
   Uses
      At line 67 in file ..\\mbed\\targets\\TARGET_STM\\TARGET_STM32F0\\TARGET_
NUCLEO_F030R8\\device\\TOOLCHAIN_ARM_STD\\startup_stm32f030x8.S
      At line 139 in file ..\\mbed\\targets\\TARGET_STM\\TARGET_STM32F0\\TARGET
_NUCLEO_F030R8\\device\\TOOLCHAIN_ARM_STD\\startup_stm32f030x8.S

FLASH_IRQHandler 00000012

Symbol: FLASH_IRQHandler
   Definitions
      At line 162 in file ..\\mbed\\targets\\TARGET_STM\\TARGET_STM32F0\\TARGET
_NUCLEO_F030R8\\device\\TOOLCHAIN_ARM_STD\\startup_stm32f030x8.S
   Uses
      At line 63 in file ..\\mbed\\targets\\TARGET_STM\\TARGET_STM32F0\\TARGET_
NUCLEO_F030R8\\device\\TOOLCHAIN_ARM_STD\\startup_stm32f030x8.S
      At line 135 in file ..\\mbed\\targets\\TARGET_STM\\TARGET_STM32F0\\TARGET
_NUCLEO_F030R8\\device\\TOOLCHAIN_ARM_STD\\startup_stm32f030x8.S

HardFault_Handler 0000000A

Symbol: HardFault_Handler
   Definitions



ARM Macro Assembler    Page 3 Alphabetic symbol ordering
Relocatable symbols

      At line 113 in file ..\\mbed\\targets\\TARGET_STM\\TARGET_STM32F0\\TARGET
_NUCLEO_F030R8\\device\\TOOLCHAIN_ARM_STD\\startup_stm32f030x8.S
   Uses
      At line 45 in file ..\\mbed\\targets\\TARGET_STM\\TARGET_STM32F0\\TARGET_
NUCLEO_F030R8\\device\\TOOLCHAIN_ARM_STD\\startup_stm32f030x8.S
      At line 115 in file ..\\mbed\\targets\\TARGET_STM\\TARGET_STM32F0\\TARGET
_NUCLEO_F030R8\\device\\TOOLCHAIN_ARM_STD\\startup_stm32f030x8.S

I2C1_IRQHandler 00000012

Symbol: I2C1_IRQHandler
   Definitions
      At line 179 in file ..\\mbed\\targets\\TARGET_STM\\TARGET_STM32F0\\TARGET
_NUCLEO_F030R8\\device\\TOOLCHAIN_ARM_STD\\startup_stm32f030x8.S
   Uses
      At line 83 in file ..\\mbed\\targets\\TARGET_STM\\TARGET_STM32F0\\TARGET_
NUCLEO_F030R8\\device\\TOOLCHAIN_ARM_STD\\startup_stm32f030x8.S
      At line 152 in file ..\\mbed\\targets\\TARGET_STM\\TARGET_STM32F0\\TARGET
_NUCLEO_F030R8\\device\\TOOLCHAIN_ARM_STD\\startup_stm32f030x8.S

I2C2_IRQHandler 00000012

Symbol: I2C2_IRQHandler
   Definitions
      At line 180 in file ..\\mbed\\targets\\TARGET_STM\\TARGET_STM32F0\\TARGET
_NUCLEO_F030R8\\device\\TOOLCHAIN_ARM_STD\\startup_stm32f030x8.S
   Uses
      At line 84 in file ..\\mbed\\targets\\TARGET_STM\\TARGET_STM32F0\\TARGET_
NUCLEO_F030R8\\device\\TOOLCHAIN_ARM_STD\\startup_stm32f030x8.S
      At line 153 in file ..\\mbed\\targets\\TARGET_STM\\TARGET_STM32F0\\TARGET
_NUCLEO_F030R8\\device\\TOOLCHAIN_ARM_STD\\startup_stm32f030x8.S

NMI_Handler 00000008

Symbol: NMI_Handler
   Definitions
      At line 109 in file ..\\mbed\\targets\\TARGET_STM\\TARGET_STM32F0\\TARGET
_NUCLEO_F030R8\\device\\TOOLCHAIN_ARM_STD\\startup_stm32f030x8.S
   Uses
      At line 44 in file ..\\mbed\\targets\\TARGET_STM\\TARGET_STM32F0\\TARGET_
NUCLEO_F030R8\\device\\TOOLCHAIN_ARM_STD\\startup_stm32f030x8.S
      At line 110 in file ..\\mbed\\targets\\TARGET_STM\\TARGET_STM32F0\\TARGET
_NUCLEO_F030R8\\device\\TOOLCHAIN_ARM_STD\\startup_stm32f030x8.S

PendSV_Handler 0000000E

Symbol: PendSV_Handler
   Definitions
      At line 122 in file ..\\mbed\\targets\\TARGET_STM\\TARGET_STM32F0\\TARGET
_NUCLEO_F030R8\\device\\TOOLCHAIN_ARM_STD\\startup_stm32f030x8.S
   Uses
      At line 56 in file ..\\mbed\\targets\\TARGET_STM\\TARGET_STM32F0\\TARGET_
NUCLEO_F030R8\\device\\TOOLCHAIN_ARM_STD\\startup_stm32f030x8.S
      At line 123 in file ..\\mbed\\targets\\TARGET_STM\\TARGET_STM32F0\\TARGET
_NUCLEO_F030R8\\device\\TOOLCHAIN_ARM_STD\\startup_stm32f030x8.S

RCC_IRQHandler 00000012

Symbol: RCC_IRQHandler



ARM Macro Assembler    Page 4 Alphabetic symbol ordering
Relocatable symbols

   Definitions
      At line 163 in file ..\\mbed\\targets\\TARGET_STM\\TARGET_STM32F0\\TARGET
_NUCLEO_F030R8\\device\\TOOLCHAIN_ARM_STD\\startup_stm32f030x8.S
   Uses
      At line 64 in file ..\\mbed\\targets\\TARGET_STM\\TARGET_STM32F0\\TARGET_
NUCLEO_F030R8\\device\\TOOLCHAIN_ARM_STD\\startup_stm32f030x8.S
      At line 136 in file ..\\mbed\\targets\\TARGET_STM\\TARGET_STM32F0\\TARGET
_NUCLEO_F030R8\\device\\TOOLCHAIN_ARM_STD\\startup_stm32f030x8.S

RTC_IRQHandler 00000012

Symbol: RTC_IRQHandler
   Definitions
      At line 161 in file ..\\mbed\\targets\\TARGET_STM\\TARGET_STM32F0\\TARGET
_NUCLEO_F030R8\\device\\TOOLCHAIN_ARM_STD\\startup_stm32f030x8.S
   Uses
      At line 62 in file ..\\mbed\\targets\\TARGET_STM\\TARGET_STM32F0\\TARGET_
NUCLEO_F030R8\\device\\TOOLCHAIN_ARM_STD\\startup_stm32f030x8.S
      At line 134 in file ..\\mbed\\targets\\TARGET_STM\\TARGET_STM32F0\\TARGET
_NUCLEO_F030R8\\device\\TOOLCHAIN_ARM_STD\\startup_stm32f030x8.S

Reset_Handler 00000000

Symbol: Reset_Handler
   Definitions
      At line 97 in file ..\\mbed\\targets\\TARGET_STM\\TARGET_STM32F0\\TARGET_
NUCLEO_F030R8\\device\\TOOLCHAIN_ARM_STD\\startup_stm32f030x8.S
   Uses
      At line 43 in file ..\\mbed\\targets\\TARGET_STM\\TARGET_STM32F0\\TARGET_
NUCLEO_F030R8\\device\\TOOLCHAIN_ARM_STD\\startup_stm32f030x8.S
      At line 98 in file ..\\mbed\\targets\\TARGET_STM\\TARGET_STM32F0\\TARGET_
NUCLEO_F030R8\\device\\TOOLCHAIN_ARM_STD\\startup_stm32f030x8.S

SPI1_IRQHandler 00000012

Symbol: SPI1_IRQHandler
   Definitions
      At line 181 in file ..\\mbed\\targets\\TARGET_STM\\TARGET_STM32F0\\TARGET
_NUCLEO_F030R8\\device\\TOOLCHAIN_ARM_STD\\startup_stm32f030x8.S
   Uses
      At line 85 in file ..\\mbed\\targets\\TARGET_STM\\TARGET_STM32F0\\TARGET_
NUCLEO_F030R8\\device\\TOOLCHAIN_ARM_STD\\startup_stm32f030x8.S
      At line 154 in file ..\\mbed\\targets\\TARGET_STM\\TARGET_STM32F0\\TARGET
_NUCLEO_F030R8\\device\\TOOLCHAIN_ARM_STD\\startup_stm32f030x8.S

SPI2_IRQHandler 00000012

Symbol: SPI2_IRQHandler
   Definitions
      At line 182 in file ..\\mbed\\targets\\TARGET_STM\\TARGET_STM32F0\\TARGET
_NUCLEO_F030R8\\device\\TOOLCHAIN_ARM_STD\\startup_stm32f030x8.S
   Uses
      At line 86 in file ..\\mbed\\targets\\TARGET_STM\\TARGET_STM32F0\\TARGET_
NUCLEO_F030R8\\device\\TOOLCHAIN_ARM_STD\\startup_stm32f030x8.S
      At line 155 in file ..\\mbed\\targets\\TARGET_STM\\TARGET_STM32F0\\TARGET
_NUCLEO_F030R8\\device\\TOOLCHAIN_ARM_STD\\startup_stm32f030x8.S

SVC_Handler 0000000C




ARM Macro Assembler    Page 5 Alphabetic symbol ordering
Relocatable symbols

Symbol: SVC_Handler
   Definitions
      At line 118 in file ..\\mbed\\targets\\TARGET_STM\\TARGET_STM32F0\\TARGET
_NUCLEO_F030R8\\device\\TOOLCHAIN_ARM_STD\\startup_stm32f030x8.S
   Uses
      At line 53 in file ..\\mbed\\targets\\TARGET_STM\\TARGET_STM32F0\\TARGET_
NUCLEO_F030R8\\device\\TOOLCHAIN_ARM_STD\\startup_stm32f030x8.S
      At line 119 in file ..\\mbed\\targets\\TARGET_STM\\TARGET_STM32F0\\TARGET
_NUCLEO_F030R8\\device\\TOOLCHAIN_ARM_STD\\startup_stm32f030x8.S

SysTick_Handler 00000010

Symbol: SysTick_Handler
   Definitions
      At line 126 in file ..\\mbed\\targets\\TARGET_STM\\TARGET_STM32F0\\TARGET
_NUCLEO_F030R8\\device\\TOOLCHAIN_ARM_STD\\startup_stm32f030x8.S
   Uses
      At line 57 in file ..\\mbed\\targets\\TARGET_STM\\TARGET_STM32F0\\TARGET_
NUCLEO_F030R8\\device\\TOOLCHAIN_ARM_STD\\startup_stm32f030x8.S
      At line 127 in file ..\\mbed\\targets\\TARGET_STM\\TARGET_STM32F0\\TARGET
_NUCLEO_F030R8\\device\\TOOLCHAIN_ARM_STD\\startup_stm32f030x8.S

TIM14_IRQHandler 00000012

Symbol: TIM14_IRQHandler
   Definitions
      At line 175 in file ..\\mbed\\targets\\TARGET_STM\\TARGET_STM32F0\\TARGET
_NUCLEO_F030R8\\device\\TOOLCHAIN_ARM_STD\\startup_stm32f030x8.S
   Uses
      At line 79 in file ..\\mbed\\targets\\TARGET_STM\\TARGET_STM32F0\\TARGET_
NUCLEO_F030R8\\device\\TOOLCHAIN_ARM_STD\\startup_stm32f030x8.S
      At line 148 in file ..\\mbed\\targets\\TARGET_STM\\TARGET_STM32F0\\TARGET
_NUCLEO_F030R8\\device\\TOOLCHAIN_ARM_STD\\startup_stm32f030x8.S

TIM15_IRQHandler 00000012

Symbol: TIM15_IRQHandler
   Definitions
      At line 176 in file ..\\mbed\\targets\\TARGET_STM\\TARGET_STM32F0\\TARGET
_NUCLEO_F030R8\\device\\TOOLCHAIN_ARM_STD\\startup_stm32f030x8.S
   Uses
      At line 80 in file ..\\mbed\\targets\\TARGET_STM\\TARGET_STM32F0\\TARGET_
NUCLEO_F030R8\\device\\TOOLCHAIN_ARM_STD\\startup_stm32f030x8.S
      At line 149 in file ..\\mbed\\targets\\TARGET_STM\\TARGET_STM32F0\\TARGET
_NUCLEO_F030R8\\device\\TOOLCHAIN_ARM_STD\\startup_stm32f030x8.S

TIM16_IRQHandler 00000012

Symbol: TIM16_IRQHandler
   Definitions
      At line 177 in file ..\\mbed\\targets\\TARGET_STM\\TARGET_STM32F0\\TARGET
_NUCLEO_F030R8\\device\\TOOLCHAIN_ARM_STD\\startup_stm32f030x8.S
   Uses
      At line 81 in file ..\\mbed\\targets\\TARGET_STM\\TARGET_STM32F0\\TARGET_
NUCLEO_F030R8\\device\\TOOLCHAIN_ARM_STD\\startup_stm32f030x8.S
      At line 150 in file ..\\mbed\\targets\\TARGET_STM\\TARGET_STM32F0\\TARGET
_NUCLEO_F030R8\\device\\TOOLCHAIN_ARM_STD\\startup_stm32f030x8.S

TIM17_IRQHandler 00000012



ARM Macro Assembler    Page 6 Alphabetic symbol ordering
Relocatable symbols


Symbol: TIM17_IRQHandler
   Definitions
      At line 178 in file ..\\mbed\\targets\\TARGET_STM\\TARGET_STM32F0\\TARGET
_NUCLEO_F030R8\\device\\TOOLCHAIN_ARM_STD\\startup_stm32f030x8.S
   Uses
      At line 82 in file ..\\mbed\\targets\\TARGET_STM\\TARGET_STM32F0\\TARGET_
NUCLEO_F030R8\\device\\TOOLCHAIN_ARM_STD\\startup_stm32f030x8.S
      At line 151 in file ..\\mbed\\targets\\TARGET_STM\\TARGET_STM32F0\\TARGET
_NUCLEO_F030R8\\device\\TOOLCHAIN_ARM_STD\\startup_stm32f030x8.S

TIM1_BRK_UP_TRG_COM_IRQHandler 00000012

Symbol: TIM1_BRK_UP_TRG_COM_IRQHandler
   Definitions
      At line 171 in file ..\\mbed\\targets\\TARGET_STM\\TARGET_STM32F0\\TARGET
_NUCLEO_F030R8\\device\\TOOLCHAIN_ARM_STD\\startup_stm32f030x8.S
   Uses
      At line 73 in file ..\\mbed\\targets\\TARGET_STM\\TARGET_STM32F0\\TARGET_
NUCLEO_F030R8\\device\\TOOLCHAIN_ARM_STD\\startup_stm32f030x8.S
      At line 144 in file ..\\mbed\\targets\\TARGET_STM\\TARGET_STM32F0\\TARGET
_NUCLEO_F030R8\\device\\TOOLCHAIN_ARM_STD\\startup_stm32f030x8.S

TIM1_CC_IRQHandler 00000012

Symbol: TIM1_CC_IRQHandler
   Definitions
      At line 172 in file ..\\mbed\\targets\\TARGET_STM\\TARGET_STM32F0\\TARGET
_NUCLEO_F030R8\\device\\TOOLCHAIN_ARM_STD\\startup_stm32f030x8.S
   Uses
      At line 74 in file ..\\mbed\\targets\\TARGET_STM\\TARGET_STM32F0\\TARGET_
NUCLEO_F030R8\\device\\TOOLCHAIN_ARM_STD\\startup_stm32f030x8.S
      At line 145 in file ..\\mbed\\targets\\TARGET_STM\\TARGET_STM32F0\\TARGET
_NUCLEO_F030R8\\device\\TOOLCHAIN_ARM_STD\\startup_stm32f030x8.S

TIM3_IRQHandler 00000012

Symbol: TIM3_IRQHandler
   Definitions
      At line 173 in file ..\\mbed\\targets\\TARGET_STM\\TARGET_STM32F0\\TARGET
_NUCLEO_F030R8\\device\\TOOLCHAIN_ARM_STD\\startup_stm32f030x8.S
   Uses
      At line 76 in file ..\\mbed\\targets\\TARGET_STM\\TARGET_STM32F0\\TARGET_
NUCLEO_F030R8\\device\\TOOLCHAIN_ARM_STD\\startup_stm32f030x8.S
      At line 146 in file ..\\mbed\\targets\\TARGET_STM\\TARGET_STM32F0\\TARGET
_NUCLEO_F030R8\\device\\TOOLCHAIN_ARM_STD\\startup_stm32f030x8.S

TIM6_IRQHandler 00000012

Symbol: TIM6_IRQHandler
   Definitions
      At line 174 in file ..\\mbed\\targets\\TARGET_STM\\TARGET_STM32F0\\TARGET
_NUCLEO_F030R8\\device\\TOOLCHAIN_ARM_STD\\startup_stm32f030x8.S
   Uses
      At line 77 in file ..\\mbed\\targets\\TARGET_STM\\TARGET_STM32F0\\TARGET_
NUCLEO_F030R8\\device\\TOOLCHAIN_ARM_STD\\startup_stm32f030x8.S
      At line 147 in file ..\\mbed\\targets\\TARGET_STM\\TARGET_STM32F0\\TARGET
_NUCLEO_F030R8\\device\\TOOLCHAIN_ARM_STD\\startup_stm32f030x8.S




ARM Macro Assembler    Page 7 Alphabetic symbol ordering
Relocatable symbols

USART1_IRQHandler 00000012

Symbol: USART1_IRQHandler
   Definitions
      At line 183 in file ..\\mbed\\targets\\TARGET_STM\\TARGET_STM32F0\\TARGET
_NUCLEO_F030R8\\device\\TOOLCHAIN_ARM_STD\\startup_stm32f030x8.S
   Uses
      At line 87 in file ..\\mbed\\targets\\TARGET_STM\\TARGET_STM32F0\\TARGET_
NUCLEO_F030R8\\device\\TOOLCHAIN_ARM_STD\\startup_stm32f030x8.S
      At line 156 in file ..\\mbed\\targets\\TARGET_STM\\TARGET_STM32F0\\TARGET
_NUCLEO_F030R8\\device\\TOOLCHAIN_ARM_STD\\startup_stm32f030x8.S

USART2_IRQHandler 00000012

Symbol: USART2_IRQHandler
   Definitions
      At line 184 in file ..\\mbed\\targets\\TARGET_STM\\TARGET_STM32F0\\TARGET
_NUCLEO_F030R8\\device\\TOOLCHAIN_ARM_STD\\startup_stm32f030x8.S
   Uses
      At line 88 in file ..\\mbed\\targets\\TARGET_STM\\TARGET_STM32F0\\TARGET_
NUCLEO_F030R8\\device\\TOOLCHAIN_ARM_STD\\startup_stm32f030x8.S
      At line 157 in file ..\\mbed\\targets\\TARGET_STM\\TARGET_STM32F0\\TARGET
_NUCLEO_F030R8\\device\\TOOLCHAIN_ARM_STD\\startup_stm32f030x8.S

WWDG_IRQHandler 00000012

Symbol: WWDG_IRQHandler
   Definitions
      At line 160 in file ..\\mbed\\targets\\TARGET_STM\\TARGET_STM32F0\\TARGET
_NUCLEO_F030R8\\device\\TOOLCHAIN_ARM_STD\\startup_stm32f030x8.S
   Uses
      At line 60 in file ..\\mbed\\targets\\TARGET_STM\\TARGET_STM32F0\\TARGET_
NUCLEO_F030R8\\device\\TOOLCHAIN_ARM_STD\\startup_stm32f030x8.S
      At line 133 in file ..\\mbed\\targets\\TARGET_STM\\TARGET_STM32F0\\TARGET
_NUCLEO_F030R8\\device\\TOOLCHAIN_ARM_STD\\startup_stm32f030x8.S

33 symbols



ARM Macro Assembler    Page 1 Alphabetic symbol ordering
Absolute symbols

__Vectors_Size 000000B4

Symbol: __Vectors_Size
   Definitions
      At line 92 in file ..\\mbed\\targets\\TARGET_STM\\TARGET_STM32F0\\TARGET_
NUCLEO_F030R8\\device\\TOOLCHAIN_ARM_STD\\startup_stm32f030x8.S
   Uses
      At line 40 in file ..\\mbed\\targets\\TARGET_STM\\TARGET_STM32F0\\TARGET_
NUCLEO_F030R8\\device\\TOOLCHAIN_ARM_STD\\startup_stm32f030x8.S
Comment: __Vectors_Size used once
__initial_sp 20002000

Symbol: __initial_sp
   Definitions
      At line 30 in file ..\\mbed\\targets\\TARGET_STM\\TARGET_STM32F0\\TARGET_
NUCLEO_F030R8\\device\\TOOLCHAIN_ARM_STD\\startup_stm32f030x8.S
   Uses
      At line 42 in file ..\\mbed\\targets\\TARGET_STM\\TARGET_STM32F0\\TARGET_
NUCLEO_F030R8\\device\\TOOLCHAIN_ARM_STD\\startup_stm32f030x8.S
Comment: __initial_sp used once
2 symbols



ARM Macro Assembler    Page 1 Alphabetic symbol ordering
External symbols

SystemInit 00000000

Symbol: SystemInit
   Definitions
      At line 100 in file ..\\mbed\\targets\\TARGET_STM\\TARGET_STM32F0\\TARGET
_NUCLEO_F030R8\\device\\TOOLCHAIN_ARM_STD\\startup_stm32f030x8.S
   Uses
      At line 101 in file ..\\mbed\\targets\\TARGET_STM\\TARGET_STM32F0\\TARGET
_NUCLEO_F030R8\\device\\TOOLCHAIN_ARM_STD\\startup_stm32f030x8.S
Comment: SystemInit used once
__main 00000000

Symbol: __main
   Definitions
      At line 99 in file ..\\mbed\\targets\\TARGET_STM\\TARGET_STM32F0\\TARGET_
NUCLEO_F030R8\\device\\TOOLCHAIN_ARM_STD\\startup_stm32f030x8.S
   Uses
      At line 103 in file ..\\mbed\\targets\\TARGET_STM\\TARGET_STM32F0\\TARGET
_NUCLEO_F030R8\\device\\TOOLCHAIN_ARM_STD\\startup_stm32f030x8.S
Comment: __main used once
2 symbols
374 symbols in table
