


ARM Macro Assembler    Page 1 


    1 00000000         #line   1                "mbed\\targets\\TARGET_STM\\TAR
GET_STM32F1\\TARGET_NUCLEO_F103RB\\device\\TOOLCHAIN_ARM_STD\\startup_stm32f103
xb.s"
    1 00000000         ;******************** (C) COPYRIGHT 2017 STMicroelectron
                       ics ********************
    2 00000000         ;* File Name          : startup_stm32f103xb.s
    3 00000000         ;* Author             : MCD Application Team
    4 00000000         ;* Version            : V4.2.0
    5 00000000         ;* Date               : 31-March-2017
    6 00000000         ;* Description        : STM32F103xB Devices vector table
                        for MDK-ARM toolchain. 
    7 00000000         ;*                      This module performs:
    8 00000000         ;*                      - Set the initial SP
    9 00000000         ;*                      - Set the initial PC == Reset_Ha
                       ndler
   10 00000000         ;*                      - Set the vector table entries w
                       ith the exceptions ISR address
   11 00000000         ;*                      - Configure the clock system
   12 00000000         ;*                      - Branches to __main in the C li
                       brary (which eventually
   13 00000000         ;*                        calls main()).
   14 00000000         ;*                      After Reset the Cortex-M3 proces
                       sor is in Thread mode,
   15 00000000         ;*                      priority is Privileged, and the 
                       Stack is set to Main.
   16 00000000         ;*******************************************************
                       *************************
   17 00000000         ;*
   18 00000000         ;* <h2><center>&copy; COPYRIGHT(c) 2017 STMicroelectroni
                       cs</center></h2>
   19 00000000         ;*
   20 00000000         ;* Redistribution and use in source and binary forms, wi
                       th or without modification,
   21 00000000         ;* are permitted provided that the following conditions 
                       are met:
   22 00000000         ;*   1. Redistributions of source code must retain the a
                       bove copyright notice,
   23 00000000         ;*      this list of conditions and the following discla
                       imer.
   24 00000000         ;*   2. Redistributions in binary form must reproduce th
                       e above copyright notice,
   25 00000000         ;*      this list of conditions and the following discla
                       imer in the documentation
   26 00000000         ;*      and/or other materials provided with the distrib
                       ution.
   27 00000000         ;*   3. Neither the name of STMicroelectronics nor the n
                       ames of its contributors
   28 00000000         ;*      may be used to endorse or promote products deriv
                       ed from this software
   29 00000000         ;*      without specific prior written permission.
   30 00000000         ;*
   31 00000000         ;* THIS SOFTWARE IS PROVIDED BY THE COPYRIGHT HOLDERS AN
                       D CONTRIBUTORS "AS IS"
   32 00000000         ;* AND ANY EXPRESS OR IMPLIED WARRANTIES, INCLUDING, BUT
                        NOT LIMITED TO, THE
   33 00000000         ;* IMPLIED WARRANTIES OF MERCHANTABILITY AND FITNESS FOR
                        A PARTICULAR PURPOSE ARE
   34 00000000         ;* DISCLAIMED. IN NO EVENT SHALL THE COPYRIGHT HOLDER OR
                        CONTRIBUTORS BE LIABLE



ARM Macro Assembler    Page 2 


   35 00000000         ;* FOR ANY DIRECT, INDIRECT, INCIDENTAL, SPECIAL, EXEMPL
                       ARY, OR CONSEQUENTIAL
   36 00000000         ;* DAMAGES (INCLUDING, BUT NOT LIMITED TO, PROCUREMENT O
                       F SUBSTITUTE GOODS OR
   37 00000000         ;* SERVICES; LOSS OF USE, DATA, OR PROFITS; OR BUSINESS 
                       INTERRUPTION) HOWEVER
   38 00000000         ;* CAUSED AND ON ANY THEORY OF LIABILITY, WHETHER IN CON
                       TRACT, STRICT LIABILITY,
   39 00000000         ;* OR TORT (INCLUDING NEGLIGENCE OR OTHERWISE) ARISING I
                       N ANY WAY OUT OF THE USE
   40 00000000         ;* OF THIS SOFTWARE, EVEN IF ADVISED OF THE POSSIBILITY 
                       OF SUCH DAMAGE.
   41 00000000         ; 
   42 00000000         ;*******************************************************
                       ************************
   43 00000000         
   44 00000000         ; Amount of memory (in bytes) allocated for Stack
   45 00000000         ; Tailor this value to your application needs
   46 00000000         ; <h> Stack Configuration
   47 00000000         ;   <o> Stack Size (in Bytes) <0x0-0xFFFFFFFF:8>
   48 00000000         ; </h>
   49 00000000         
   50 00000000         
   51 00000000 20005000 
                       __initial_sp
                               EQU              0x20005000  ; Top of RAM
   52 00000000         
   53 00000000                 PRESERVE8
   54 00000000                 THUMB
   55 00000000         
   56 00000000         
   57 00000000         ; Vector Table Mapped to Address 0 at Reset
   58 00000000                 AREA             RESET, DATA, READONLY
   59 00000000                 EXPORT           __Vectors
   60 00000000                 EXPORT           __Vectors_End
   61 00000000                 EXPORT           __Vectors_Size
   62 00000000         
   63 00000000 20005000 
                       __Vectors
                               DCD              __initial_sp ; Top of Stack
   64 00000004 00000000        DCD              Reset_Handler ; Reset Handler
   65 00000008 00000000        DCD              NMI_Handler ; NMI Handler
   66 0000000C 00000000        DCD              HardFault_Handler ; Hard Fault 
                                                            Handler
   67 00000010 00000000        DCD              MemManage_Handler 
                                                            ; MPU Fault Handler
                                                            
   68 00000014 00000000        DCD              BusFault_Handler 
                                                            ; Bus Fault Handler
                                                            
   69 00000018 00000000        DCD              UsageFault_Handler ; Usage Faul
                                                            t Handler
   70 0000001C 00000000        DCD              0           ; Reserved
   71 00000020 00000000        DCD              0           ; Reserved
   72 00000024 00000000        DCD              0           ; Reserved
   73 00000028 00000000        DCD              0           ; Reserved
   74 0000002C 00000000        DCD              SVC_Handler ; SVCall Handler
   75 00000030 00000000        DCD              DebugMon_Handler ; Debug Monito
                                                            r Handler



ARM Macro Assembler    Page 3 


   76 00000034 00000000        DCD              0           ; Reserved
   77 00000038 00000000        DCD              PendSV_Handler ; PendSV Handler
                                                            
   78 0000003C 00000000        DCD              SysTick_Handler 
                                                            ; SysTick Handler
   79 00000040         
   80 00000040         ; External Interrupts
   81 00000040 00000000        DCD              WWDG_IRQHandler 
                                                            ; Window Watchdog
   82 00000044 00000000        DCD              PVD_IRQHandler ; PVD through EX
                                                            TI Line detect
   83 00000048 00000000        DCD              TAMPER_IRQHandler ; Tamper
   84 0000004C 00000000        DCD              RTC_IRQHandler ; RTC
   85 00000050 00000000        DCD              FLASH_IRQHandler ; Flash
   86 00000054 00000000        DCD              RCC_IRQHandler ; RCC
   87 00000058 00000000        DCD              EXTI0_IRQHandler ; EXTI Line 0
   88 0000005C 00000000        DCD              EXTI1_IRQHandler ; EXTI Line 1
   89 00000060 00000000        DCD              EXTI2_IRQHandler ; EXTI Line 2
   90 00000064 00000000        DCD              EXTI3_IRQHandler ; EXTI Line 3
   91 00000068 00000000        DCD              EXTI4_IRQHandler ; EXTI Line 4
   92 0000006C 00000000        DCD              DMA1_Channel1_IRQHandler 
                                                            ; DMA1 Channel 1
   93 00000070 00000000        DCD              DMA1_Channel2_IRQHandler 
                                                            ; DMA1 Channel 2
   94 00000074 00000000        DCD              DMA1_Channel3_IRQHandler 
                                                            ; DMA1 Channel 3
   95 00000078 00000000        DCD              DMA1_Channel4_IRQHandler 
                                                            ; DMA1 Channel 4
   96 0000007C 00000000        DCD              DMA1_Channel5_IRQHandler 
                                                            ; DMA1 Channel 5
   97 00000080 00000000        DCD              DMA1_Channel6_IRQHandler 
                                                            ; DMA1 Channel 6
   98 00000084 00000000        DCD              DMA1_Channel7_IRQHandler 
                                                            ; DMA1 Channel 7
   99 00000088 00000000        DCD              ADC1_2_IRQHandler ; ADC1_2
  100 0000008C 00000000        DCD              USB_HP_CAN1_TX_IRQHandler ; USB
                                                             High Priority or C
                                                            AN1 TX
  101 00000090 00000000        DCD              USB_LP_CAN1_RX0_IRQHandler ; US
                                                            B Low  Priority or 
                                                            CAN1 RX0
  102 00000094 00000000        DCD              CAN1_RX1_IRQHandler ; CAN1 RX1
  103 00000098 00000000        DCD              CAN1_SCE_IRQHandler ; CAN1 SCE
  104 0000009C 00000000        DCD              EXTI9_5_IRQHandler 
                                                            ; EXTI Line 9..5
  105 000000A0 00000000        DCD              TIM1_BRK_IRQHandler 
                                                            ; TIM1 Break
  106 000000A4 00000000        DCD              TIM1_UP_IRQHandler 
                                                            ; TIM1 Update
  107 000000A8 00000000        DCD              TIM1_TRG_COM_IRQHandler ; TIM1 
                                                            Trigger and Commuta
                                                            tion
  108 000000AC 00000000        DCD              TIM1_CC_IRQHandler ; TIM1 Captu
                                                            re Compare
  109 000000B0 00000000        DCD              TIM2_IRQHandler ; TIM2
  110 000000B4 00000000        DCD              TIM3_IRQHandler ; TIM3
  111 000000B8 00000000        DCD              TIM4_IRQHandler ; TIM4
  112 000000BC 00000000        DCD              I2C1_EV_IRQHandler ; I2C1 Event
                                                            



ARM Macro Assembler    Page 4 


  113 000000C0 00000000        DCD              I2C1_ER_IRQHandler ; I2C1 Error
                                                            
  114 000000C4 00000000        DCD              I2C2_EV_IRQHandler ; I2C2 Event
                                                            
  115 000000C8 00000000        DCD              I2C2_ER_IRQHandler ; I2C2 Error
                                                            
  116 000000CC 00000000        DCD              SPI1_IRQHandler ; SPI1
  117 000000D0 00000000        DCD              SPI2_IRQHandler ; SPI2
  118 000000D4 00000000        DCD              USART1_IRQHandler ; USART1
  119 000000D8 00000000        DCD              USART2_IRQHandler ; USART2
  120 000000DC 00000000        DCD              USART3_IRQHandler ; USART3
  121 000000E0 00000000        DCD              EXTI15_10_IRQHandler 
                                                            ; EXTI Line 15..10
  122 000000E4 00000000        DCD              RTC_Alarm_IRQHandler ; RTC Alar
                                                            m through EXTI Line
                                                            
  123 000000E8 00000000        DCD              USBWakeUp_IRQHandler ; USB Wake
                                                            up from suspend
  124 000000EC         __Vectors_End
  125 000000EC         
  126 000000EC 000000EC 
                       __Vectors_Size
                               EQU              __Vectors_End - __Vectors
  127 000000EC         
  128 000000EC                 AREA             |.text|, CODE, READONLY
  129 00000000         
  130 00000000         ; Reset handler
  131 00000000         Reset_Handler
                               PROC
  132 00000000                 EXPORT           Reset_Handler             [WEAK
]
  133 00000000                 IMPORT           __main
  134 00000000                 IMPORT           SystemInit
  135 00000000 4806            LDR              R0, =SystemInit
  136 00000002 4780            BLX              R0
  137 00000004 4806            LDR              R0, =__main
  138 00000006 4700            BX               R0
  139 00000008                 ENDP
  140 00000008         
  141 00000008         ; Dummy Exception Handlers (infinite loops which can be 
                       modified)
  142 00000008         
  143 00000008         NMI_Handler
                               PROC
  144 00000008                 EXPORT           NMI_Handler                [WEA
K]
  145 00000008 E7FE            B                .
  146 0000000A                 ENDP
  147 0000000A         HardFault_Handler
                               PROC
  148 0000000A         
  149 0000000A                 EXPORT           HardFault_Handler          [WEA
K]
  150 0000000A E7FE            B                .
  151 0000000C                 ENDP
  152 0000000C         MemManage_Handler
                               PROC
  153 0000000C         
  154 0000000C                 EXPORT           MemManage_Handler          [WEA



ARM Macro Assembler    Page 5 


K]
  155 0000000C E7FE            B                .
  156 0000000E                 ENDP
  157 0000000E         BusFault_Handler
                               PROC
  158 0000000E         
  159 0000000E                 EXPORT           BusFault_Handler           [WEA
K]
  160 0000000E E7FE            B                .
  161 00000010                 ENDP
  162 00000010         UsageFault_Handler
                               PROC
  163 00000010         
  164 00000010                 EXPORT           UsageFault_Handler         [WEA
K]
  165 00000010 E7FE            B                .
  166 00000012                 ENDP
  167 00000012         SVC_Handler
                               PROC
  168 00000012                 EXPORT           SVC_Handler                [WEA
K]
  169 00000012 E7FE            B                .
  170 00000014                 ENDP
  171 00000014         DebugMon_Handler
                               PROC
  172 00000014         
  173 00000014                 EXPORT           DebugMon_Handler           [WEA
K]
  174 00000014 E7FE            B                .
  175 00000016                 ENDP
  176 00000016         PendSV_Handler
                               PROC
  177 00000016                 EXPORT           PendSV_Handler             [WEA
K]
  178 00000016 E7FE            B                .
  179 00000018                 ENDP
  180 00000018         SysTick_Handler
                               PROC
  181 00000018                 EXPORT           SysTick_Handler            [WEA
K]
  182 00000018 E7FE            B                .
  183 0000001A                 ENDP
  184 0000001A         
  185 0000001A         Default_Handler
                               PROC
  186 0000001A         
  187 0000001A                 EXPORT           WWDG_IRQHandler            [WEA
K]
  188 0000001A                 EXPORT           PVD_IRQHandler             [WEA
K]
  189 0000001A                 EXPORT           TAMPER_IRQHandler          [WEA
K]
  190 0000001A                 EXPORT           RTC_IRQHandler             [WEA
K]
  191 0000001A                 EXPORT           FLASH_IRQHandler           [WEA
K]
  192 0000001A                 EXPORT           RCC_IRQHandler             [WEA
K]
  193 0000001A                 EXPORT           EXTI0_IRQHandler           [WEA



ARM Macro Assembler    Page 6 


K]
  194 0000001A                 EXPORT           EXTI1_IRQHandler           [WEA
K]
  195 0000001A                 EXPORT           EXTI2_IRQHandler           [WEA
K]
  196 0000001A                 EXPORT           EXTI3_IRQHandler           [WEA
K]
  197 0000001A                 EXPORT           EXTI4_IRQHandler           [WEA
K]
  198 0000001A                 EXPORT           DMA1_Channel1_IRQHandler   [WEA
K]
  199 0000001A                 EXPORT           DMA1_Channel2_IRQHandler   [WEA
K]
  200 0000001A                 EXPORT           DMA1_Channel3_IRQHandler   [WEA
K]
  201 0000001A                 EXPORT           DMA1_Channel4_IRQHandler   [WEA
K]
  202 0000001A                 EXPORT           DMA1_Channel5_IRQHandler   [WEA
K]
  203 0000001A                 EXPORT           DMA1_Channel6_IRQHandler   [WEA
K]
  204 0000001A                 EXPORT           DMA1_Channel7_IRQHandler   [WEA
K]
  205 0000001A                 EXPORT           ADC1_2_IRQHandler          [WEA
K]
  206 0000001A                 EXPORT           USB_HP_CAN1_TX_IRQHandler  [WEA
K]
  207 0000001A                 EXPORT           USB_LP_CAN1_RX0_IRQHandler [WEA
K]
  208 0000001A                 EXPORT           CAN1_RX1_IRQHandler        [WEA
K]
  209 0000001A                 EXPORT           CAN1_SCE_IRQHandler        [WEA
K]
  210 0000001A                 EXPORT           EXTI9_5_IRQHandler         [WEA
K]
  211 0000001A                 EXPORT           TIM1_BRK_IRQHandler        [WEA
K]
  212 0000001A                 EXPORT           TIM1_UP_IRQHandler         [WEA
K]
  213 0000001A                 EXPORT           TIM1_TRG_COM_IRQHandler    [WEA
K]
  214 0000001A                 EXPORT           TIM1_CC_IRQHandler         [WEA
K]
  215 0000001A                 EXPORT           TIM2_IRQHandler            [WEA
K]
  216 0000001A                 EXPORT           TIM3_IRQHandler            [WEA
K]
  217 0000001A                 EXPORT           TIM4_IRQHandler            [WEA
K]
  218 0000001A                 EXPORT           I2C1_EV_IRQHandler         [WEA
K]
  219 0000001A                 EXPORT           I2C1_ER_IRQHandler         [WEA
K]
  220 0000001A                 EXPORT           I2C2_EV_IRQHandler         [WEA
K]
  221 0000001A                 EXPORT           I2C2_ER_IRQHandler         [WEA
K]
  222 0000001A                 EXPORT           SPI1_IRQHandler            [WEA
K]



ARM Macro Assembler    Page 7 


  223 0000001A                 EXPORT           SPI2_IRQHandler            [WEA
K]
  224 0000001A                 EXPORT           USART1_IRQHandler          [WEA
K]
  225 0000001A                 EXPORT           USART2_IRQHandler          [WEA
K]
  226 0000001A                 EXPORT           USART3_IRQHandler          [WEA
K]
  227 0000001A                 EXPORT           EXTI15_10_IRQHandler       [WEA
K]
  228 0000001A                 EXPORT           RTC_Alarm_IRQHandler        [WE
AK]
  229 0000001A                 EXPORT           USBWakeUp_IRQHandler       [WEA
K]
  230 0000001A         
  231 0000001A         WWDG_IRQHandler
  232 0000001A         PVD_IRQHandler
  233 0000001A         TAMPER_IRQHandler
  234 0000001A         RTC_IRQHandler
  235 0000001A         FLASH_IRQHandler
  236 0000001A         RCC_IRQHandler
  237 0000001A         EXTI0_IRQHandler
  238 0000001A         EXTI1_IRQHandler
  239 0000001A         EXTI2_IRQHandler
  240 0000001A         EXTI3_IRQHandler
  241 0000001A         EXTI4_IRQHandler
  242 0000001A         DMA1_Channel1_IRQHandler
  243 0000001A         DMA1_Channel2_IRQHandler
  244 0000001A         DMA1_Channel3_IRQHandler
  245 0000001A         DMA1_Channel4_IRQHandler
  246 0000001A         DMA1_Channel5_IRQHandler
  247 0000001A         DMA1_Channel6_IRQHandler
  248 0000001A         DMA1_Channel7_IRQHandler
  249 0000001A         ADC1_2_IRQHandler
  250 0000001A         USB_HP_CAN1_TX_IRQHandler
  251 0000001A         USB_LP_CAN1_RX0_IRQHandler
  252 0000001A         CAN1_RX1_IRQHandler
  253 0000001A         CAN1_SCE_IRQHandler
  254 0000001A         EXTI9_5_IRQHandler
  255 0000001A         TIM1_BRK_IRQHandler
  256 0000001A         TIM1_UP_IRQHandler
  257 0000001A         TIM1_TRG_COM_IRQHandler
  258 0000001A         TIM1_CC_IRQHandler
  259 0000001A         TIM2_IRQHandler
  260 0000001A         TIM3_IRQHandler
  261 0000001A         TIM4_IRQHandler
  262 0000001A         I2C1_EV_IRQHandler
  263 0000001A         I2C1_ER_IRQHandler
  264 0000001A         I2C2_EV_IRQHandler
  265 0000001A         I2C2_ER_IRQHandler
  266 0000001A         SPI1_IRQHandler
  267 0000001A         SPI2_IRQHandler
  268 0000001A         USART1_IRQHandler
  269 0000001A         USART2_IRQHandler
  270 0000001A         USART3_IRQHandler
  271 0000001A         EXTI15_10_IRQHandler
  272 0000001A         RTC_Alarm_IRQHandler
  273 0000001A         USBWakeUp_IRQHandler
  274 0000001A         



ARM Macro Assembler    Page 8 


  275 0000001A E7FE            B                .
  276 0000001C         
  277 0000001C                 ENDP
  278 0000001C         
  279 0000001C                 ALIGN
  280 0000001C         
  281 0000001C                 END
              00000000 
              00000000 
Command Line: --debug --xref --cpreproc --diag_suppress=9931 --cpu=Cortex-M3 --
apcs=interwork --depend=.\build\startup_stm32f103xb.d -o.\build\startup_stm32f1
03xb.o -I.\user -I.\mbed -I.\mbed\drivers -I.\mbed\hal -I.\mbed\hal\mpu -I.\mbe
d\hal\storage_abstraction -I.\mbed\hal\TARGET_FLASH_CMSIS_ALGO -I.\mbed\platfor
m -I.\mbed\targets\TARGET_STM -I.\mbed\targets\TARGET_STM\TARGET_STM32F1 -I.\mb
ed\targets\TARGET_STM\TARGET_STM32F1\device -I.\mbed\targets\TARGET_STM\TARGET_
STM32F1\TARGET_NUCLEO_F103RB -I.\mbed\targets\TARGET_STM\TARGET_STM32F1\TARGET_
NUCLEO_F103RB\device -IE:\electronics\mbed\stm32_mbed\Demo_F103C8\RTE -ID:\Keil
_v5\ARM\PACK\Keil\STM32F1xx_DFP\2.2.0\Device\Include -ID:\Keil_v5\ARM\CMSIS\Inc
lude --predefine="__UVISION_VERSION SETA 521" --predefine="STM32F10X_MD SETA 1"
 --cpreproc_opts=-D__ASSERT_MSG,-D__CMSIS_RTOS,-D__MBED_CMSIS_RTOS_CM,-DTRANSAC
TION_QUEUE_SIZE_SPI=2,-D__CORTEX_M3,-DARM_MATH_CM3 --list=.\build\startup_stm32
f103xb.lst mbed\targets\TARGET_STM\TARGET_STM32F1\TARGET_NUCLEO_F103RB\device\T
OOLCHAIN_ARM_STD\startup_stm32f103xb.s



ARM Macro Assembler    Page 1 Alphabetic symbol ordering
Relocatable symbols

RESET 00000000

Symbol: RESET
   Definitions
      At line 58 in file mbed\\targets\\TARGET_STM\\TARGET_STM32F1\\TARGET_NUCL
EO_F103RB\\device\\TOOLCHAIN_ARM_STD\\startup_stm32f103xb.s
   Uses
      None
Comment: RESET unused
__Vectors 00000000

Symbol: __Vectors
   Definitions
      At line 63 in file mbed\\targets\\TARGET_STM\\TARGET_STM32F1\\TARGET_NUCL
EO_F103RB\\device\\TOOLCHAIN_ARM_STD\\startup_stm32f103xb.s
   Uses
      At line 59 in file mbed\\targets\\TARGET_STM\\TARGET_STM32F1\\TARGET_NUCL
EO_F103RB\\device\\TOOLCHAIN_ARM_STD\\startup_stm32f103xb.s
      At line 126 in file mbed\\targets\\TARGET_STM\\TARGET_STM32F1\\TARGET_NUC
LEO_F103RB\\device\\TOOLCHAIN_ARM_STD\\startup_stm32f103xb.s

__Vectors_End 000000EC

Symbol: __Vectors_End
   Definitions
      At line 124 in file mbed\\targets\\TARGET_STM\\TARGET_STM32F1\\TARGET_NUC
LEO_F103RB\\device\\TOOLCHAIN_ARM_STD\\startup_stm32f103xb.s
   Uses
      At line 60 in file mbed\\targets\\TARGET_STM\\TARGET_STM32F1\\TARGET_NUCL
EO_F103RB\\device\\TOOLCHAIN_ARM_STD\\startup_stm32f103xb.s
      At line 126 in file mbed\\targets\\TARGET_STM\\TARGET_STM32F1\\TARGET_NUC
LEO_F103RB\\device\\TOOLCHAIN_ARM_STD\\startup_stm32f103xb.s

3 symbols



ARM Macro Assembler    Page 1 Alphabetic symbol ordering
Relocatable symbols

.text 00000000

Symbol: .text
   Definitions
      At line 128 in file mbed\\targets\\TARGET_STM\\TARGET_STM32F1\\TARGET_NUC
LEO_F103RB\\device\\TOOLCHAIN_ARM_STD\\startup_stm32f103xb.s
   Uses
      None
Comment: .text unused
ADC1_2_IRQHandler 0000001A

Symbol: ADC1_2_IRQHandler
   Definitions
      At line 249 in file mbed\\targets\\TARGET_STM\\TARGET_STM32F1\\TARGET_NUC
LEO_F103RB\\device\\TOOLCHAIN_ARM_STD\\startup_stm32f103xb.s
   Uses
      At line 99 in file mbed\\targets\\TARGET_STM\\TARGET_STM32F1\\TARGET_NUCL
EO_F103RB\\device\\TOOLCHAIN_ARM_STD\\startup_stm32f103xb.s
      At line 205 in file mbed\\targets\\TARGET_STM\\TARGET_STM32F1\\TARGET_NUC
LEO_F103RB\\device\\TOOLCHAIN_ARM_STD\\startup_stm32f103xb.s

BusFault_Handler 0000000E

Symbol: BusFault_Handler
   Definitions
      At line 157 in file mbed\\targets\\TARGET_STM\\TARGET_STM32F1\\TARGET_NUC
LEO_F103RB\\device\\TOOLCHAIN_ARM_STD\\startup_stm32f103xb.s
   Uses
      At line 68 in file mbed\\targets\\TARGET_STM\\TARGET_STM32F1\\TARGET_NUCL
EO_F103RB\\device\\TOOLCHAIN_ARM_STD\\startup_stm32f103xb.s
      At line 159 in file mbed\\targets\\TARGET_STM\\TARGET_STM32F1\\TARGET_NUC
LEO_F103RB\\device\\TOOLCHAIN_ARM_STD\\startup_stm32f103xb.s

CAN1_RX1_IRQHandler 0000001A

Symbol: CAN1_RX1_IRQHandler
   Definitions
      At line 252 in file mbed\\targets\\TARGET_STM\\TARGET_STM32F1\\TARGET_NUC
LEO_F103RB\\device\\TOOLCHAIN_ARM_STD\\startup_stm32f103xb.s
   Uses
      At line 102 in file mbed\\targets\\TARGET_STM\\TARGET_STM32F1\\TARGET_NUC
LEO_F103RB\\device\\TOOLCHAIN_ARM_STD\\startup_stm32f103xb.s
      At line 208 in file mbed\\targets\\TARGET_STM\\TARGET_STM32F1\\TARGET_NUC
LEO_F103RB\\device\\TOOLCHAIN_ARM_STD\\startup_stm32f103xb.s

CAN1_SCE_IRQHandler 0000001A

Symbol: CAN1_SCE_IRQHandler
   Definitions
      At line 253 in file mbed\\targets\\TARGET_STM\\TARGET_STM32F1\\TARGET_NUC
LEO_F103RB\\device\\TOOLCHAIN_ARM_STD\\startup_stm32f103xb.s
   Uses
      At line 103 in file mbed\\targets\\TARGET_STM\\TARGET_STM32F1\\TARGET_NUC
LEO_F103RB\\device\\TOOLCHAIN_ARM_STD\\startup_stm32f103xb.s
      At line 209 in file mbed\\targets\\TARGET_STM\\TARGET_STM32F1\\TARGET_NUC
LEO_F103RB\\device\\TOOLCHAIN_ARM_STD\\startup_stm32f103xb.s

DMA1_Channel1_IRQHandler 0000001A




ARM Macro Assembler    Page 2 Alphabetic symbol ordering
Relocatable symbols

Symbol: DMA1_Channel1_IRQHandler
   Definitions
      At line 242 in file mbed\\targets\\TARGET_STM\\TARGET_STM32F1\\TARGET_NUC
LEO_F103RB\\device\\TOOLCHAIN_ARM_STD\\startup_stm32f103xb.s
   Uses
      At line 92 in file mbed\\targets\\TARGET_STM\\TARGET_STM32F1\\TARGET_NUCL
EO_F103RB\\device\\TOOLCHAIN_ARM_STD\\startup_stm32f103xb.s
      At line 198 in file mbed\\targets\\TARGET_STM\\TARGET_STM32F1\\TARGET_NUC
LEO_F103RB\\device\\TOOLCHAIN_ARM_STD\\startup_stm32f103xb.s

DMA1_Channel2_IRQHandler 0000001A

Symbol: DMA1_Channel2_IRQHandler
   Definitions
      At line 243 in file mbed\\targets\\TARGET_STM\\TARGET_STM32F1\\TARGET_NUC
LEO_F103RB\\device\\TOOLCHAIN_ARM_STD\\startup_stm32f103xb.s
   Uses
      At line 93 in file mbed\\targets\\TARGET_STM\\TARGET_STM32F1\\TARGET_NUCL
EO_F103RB\\device\\TOOLCHAIN_ARM_STD\\startup_stm32f103xb.s
      At line 199 in file mbed\\targets\\TARGET_STM\\TARGET_STM32F1\\TARGET_NUC
LEO_F103RB\\device\\TOOLCHAIN_ARM_STD\\startup_stm32f103xb.s

DMA1_Channel3_IRQHandler 0000001A

Symbol: DMA1_Channel3_IRQHandler
   Definitions
      At line 244 in file mbed\\targets\\TARGET_STM\\TARGET_STM32F1\\TARGET_NUC
LEO_F103RB\\device\\TOOLCHAIN_ARM_STD\\startup_stm32f103xb.s
   Uses
      At line 94 in file mbed\\targets\\TARGET_STM\\TARGET_STM32F1\\TARGET_NUCL
EO_F103RB\\device\\TOOLCHAIN_ARM_STD\\startup_stm32f103xb.s
      At line 200 in file mbed\\targets\\TARGET_STM\\TARGET_STM32F1\\TARGET_NUC
LEO_F103RB\\device\\TOOLCHAIN_ARM_STD\\startup_stm32f103xb.s

DMA1_Channel4_IRQHandler 0000001A

Symbol: DMA1_Channel4_IRQHandler
   Definitions
      At line 245 in file mbed\\targets\\TARGET_STM\\TARGET_STM32F1\\TARGET_NUC
LEO_F103RB\\device\\TOOLCHAIN_ARM_STD\\startup_stm32f103xb.s
   Uses
      At line 95 in file mbed\\targets\\TARGET_STM\\TARGET_STM32F1\\TARGET_NUCL
EO_F103RB\\device\\TOOLCHAIN_ARM_STD\\startup_stm32f103xb.s
      At line 201 in file mbed\\targets\\TARGET_STM\\TARGET_STM32F1\\TARGET_NUC
LEO_F103RB\\device\\TOOLCHAIN_ARM_STD\\startup_stm32f103xb.s

DMA1_Channel5_IRQHandler 0000001A

Symbol: DMA1_Channel5_IRQHandler
   Definitions
      At line 246 in file mbed\\targets\\TARGET_STM\\TARGET_STM32F1\\TARGET_NUC
LEO_F103RB\\device\\TOOLCHAIN_ARM_STD\\startup_stm32f103xb.s
   Uses
      At line 96 in file mbed\\targets\\TARGET_STM\\TARGET_STM32F1\\TARGET_NUCL
EO_F103RB\\device\\TOOLCHAIN_ARM_STD\\startup_stm32f103xb.s
      At line 202 in file mbed\\targets\\TARGET_STM\\TARGET_STM32F1\\TARGET_NUC
LEO_F103RB\\device\\TOOLCHAIN_ARM_STD\\startup_stm32f103xb.s

DMA1_Channel6_IRQHandler 0000001A



ARM Macro Assembler    Page 3 Alphabetic symbol ordering
Relocatable symbols


Symbol: DMA1_Channel6_IRQHandler
   Definitions
      At line 247 in file mbed\\targets\\TARGET_STM\\TARGET_STM32F1\\TARGET_NUC
LEO_F103RB\\device\\TOOLCHAIN_ARM_STD\\startup_stm32f103xb.s
   Uses
      At line 97 in file mbed\\targets\\TARGET_STM\\TARGET_STM32F1\\TARGET_NUCL
EO_F103RB\\device\\TOOLCHAIN_ARM_STD\\startup_stm32f103xb.s
      At line 203 in file mbed\\targets\\TARGET_STM\\TARGET_STM32F1\\TARGET_NUC
LEO_F103RB\\device\\TOOLCHAIN_ARM_STD\\startup_stm32f103xb.s

DMA1_Channel7_IRQHandler 0000001A

Symbol: DMA1_Channel7_IRQHandler
   Definitions
      At line 248 in file mbed\\targets\\TARGET_STM\\TARGET_STM32F1\\TARGET_NUC
LEO_F103RB\\device\\TOOLCHAIN_ARM_STD\\startup_stm32f103xb.s
   Uses
      At line 98 in file mbed\\targets\\TARGET_STM\\TARGET_STM32F1\\TARGET_NUCL
EO_F103RB\\device\\TOOLCHAIN_ARM_STD\\startup_stm32f103xb.s
      At line 204 in file mbed\\targets\\TARGET_STM\\TARGET_STM32F1\\TARGET_NUC
LEO_F103RB\\device\\TOOLCHAIN_ARM_STD\\startup_stm32f103xb.s

DebugMon_Handler 00000014

Symbol: DebugMon_Handler
   Definitions
      At line 171 in file mbed\\targets\\TARGET_STM\\TARGET_STM32F1\\TARGET_NUC
LEO_F103RB\\device\\TOOLCHAIN_ARM_STD\\startup_stm32f103xb.s
   Uses
      At line 75 in file mbed\\targets\\TARGET_STM\\TARGET_STM32F1\\TARGET_NUCL
EO_F103RB\\device\\TOOLCHAIN_ARM_STD\\startup_stm32f103xb.s
      At line 173 in file mbed\\targets\\TARGET_STM\\TARGET_STM32F1\\TARGET_NUC
LEO_F103RB\\device\\TOOLCHAIN_ARM_STD\\startup_stm32f103xb.s

Default_Handler 0000001A

Symbol: Default_Handler
   Definitions
      At line 185 in file mbed\\targets\\TARGET_STM\\TARGET_STM32F1\\TARGET_NUC
LEO_F103RB\\device\\TOOLCHAIN_ARM_STD\\startup_stm32f103xb.s
   Uses
      None
Comment: Default_Handler unused
EXTI0_IRQHandler 0000001A

Symbol: EXTI0_IRQHandler
   Definitions
      At line 237 in file mbed\\targets\\TARGET_STM\\TARGET_STM32F1\\TARGET_NUC
LEO_F103RB\\device\\TOOLCHAIN_ARM_STD\\startup_stm32f103xb.s
   Uses
      At line 87 in file mbed\\targets\\TARGET_STM\\TARGET_STM32F1\\TARGET_NUCL
EO_F103RB\\device\\TOOLCHAIN_ARM_STD\\startup_stm32f103xb.s
      At line 193 in file mbed\\targets\\TARGET_STM\\TARGET_STM32F1\\TARGET_NUC
LEO_F103RB\\device\\TOOLCHAIN_ARM_STD\\startup_stm32f103xb.s

EXTI15_10_IRQHandler 0000001A

Symbol: EXTI15_10_IRQHandler



ARM Macro Assembler    Page 4 Alphabetic symbol ordering
Relocatable symbols

   Definitions
      At line 271 in file mbed\\targets\\TARGET_STM\\TARGET_STM32F1\\TARGET_NUC
LEO_F103RB\\device\\TOOLCHAIN_ARM_STD\\startup_stm32f103xb.s
   Uses
      At line 121 in file mbed\\targets\\TARGET_STM\\TARGET_STM32F1\\TARGET_NUC
LEO_F103RB\\device\\TOOLCHAIN_ARM_STD\\startup_stm32f103xb.s
      At line 227 in file mbed\\targets\\TARGET_STM\\TARGET_STM32F1\\TARGET_NUC
LEO_F103RB\\device\\TOOLCHAIN_ARM_STD\\startup_stm32f103xb.s

EXTI1_IRQHandler 0000001A

Symbol: EXTI1_IRQHandler
   Definitions
      At line 238 in file mbed\\targets\\TARGET_STM\\TARGET_STM32F1\\TARGET_NUC
LEO_F103RB\\device\\TOOLCHAIN_ARM_STD\\startup_stm32f103xb.s
   Uses
      At line 88 in file mbed\\targets\\TARGET_STM\\TARGET_STM32F1\\TARGET_NUCL
EO_F103RB\\device\\TOOLCHAIN_ARM_STD\\startup_stm32f103xb.s
      At line 194 in file mbed\\targets\\TARGET_STM\\TARGET_STM32F1\\TARGET_NUC
LEO_F103RB\\device\\TOOLCHAIN_ARM_STD\\startup_stm32f103xb.s

EXTI2_IRQHandler 0000001A

Symbol: EXTI2_IRQHandler
   Definitions
      At line 239 in file mbed\\targets\\TARGET_STM\\TARGET_STM32F1\\TARGET_NUC
LEO_F103RB\\device\\TOOLCHAIN_ARM_STD\\startup_stm32f103xb.s
   Uses
      At line 89 in file mbed\\targets\\TARGET_STM\\TARGET_STM32F1\\TARGET_NUCL
EO_F103RB\\device\\TOOLCHAIN_ARM_STD\\startup_stm32f103xb.s
      At line 195 in file mbed\\targets\\TARGET_STM\\TARGET_STM32F1\\TARGET_NUC
LEO_F103RB\\device\\TOOLCHAIN_ARM_STD\\startup_stm32f103xb.s

EXTI3_IRQHandler 0000001A

Symbol: EXTI3_IRQHandler
   Definitions
      At line 240 in file mbed\\targets\\TARGET_STM\\TARGET_STM32F1\\TARGET_NUC
LEO_F103RB\\device\\TOOLCHAIN_ARM_STD\\startup_stm32f103xb.s
   Uses
      At line 90 in file mbed\\targets\\TARGET_STM\\TARGET_STM32F1\\TARGET_NUCL
EO_F103RB\\device\\TOOLCHAIN_ARM_STD\\startup_stm32f103xb.s
      At line 196 in file mbed\\targets\\TARGET_STM\\TARGET_STM32F1\\TARGET_NUC
LEO_F103RB\\device\\TOOLCHAIN_ARM_STD\\startup_stm32f103xb.s

EXTI4_IRQHandler 0000001A

Symbol: EXTI4_IRQHandler
   Definitions
      At line 241 in file mbed\\targets\\TARGET_STM\\TARGET_STM32F1\\TARGET_NUC
LEO_F103RB\\device\\TOOLCHAIN_ARM_STD\\startup_stm32f103xb.s
   Uses
      At line 91 in file mbed\\targets\\TARGET_STM\\TARGET_STM32F1\\TARGET_NUCL
EO_F103RB\\device\\TOOLCHAIN_ARM_STD\\startup_stm32f103xb.s
      At line 197 in file mbed\\targets\\TARGET_STM\\TARGET_STM32F1\\TARGET_NUC
LEO_F103RB\\device\\TOOLCHAIN_ARM_STD\\startup_stm32f103xb.s

EXTI9_5_IRQHandler 0000001A




ARM Macro Assembler    Page 5 Alphabetic symbol ordering
Relocatable symbols

Symbol: EXTI9_5_IRQHandler
   Definitions
      At line 254 in file mbed\\targets\\TARGET_STM\\TARGET_STM32F1\\TARGET_NUC
LEO_F103RB\\device\\TOOLCHAIN_ARM_STD\\startup_stm32f103xb.s
   Uses
      At line 104 in file mbed\\targets\\TARGET_STM\\TARGET_STM32F1\\TARGET_NUC
LEO_F103RB\\device\\TOOLCHAIN_ARM_STD\\startup_stm32f103xb.s
      At line 210 in file mbed\\targets\\TARGET_STM\\TARGET_STM32F1\\TARGET_NUC
LEO_F103RB\\device\\TOOLCHAIN_ARM_STD\\startup_stm32f103xb.s

FLASH_IRQHandler 0000001A

Symbol: FLASH_IRQHandler
   Definitions
      At line 235 in file mbed\\targets\\TARGET_STM\\TARGET_STM32F1\\TARGET_NUC
LEO_F103RB\\device\\TOOLCHAIN_ARM_STD\\startup_stm32f103xb.s
   Uses
      At line 85 in file mbed\\targets\\TARGET_STM\\TARGET_STM32F1\\TARGET_NUCL
EO_F103RB\\device\\TOOLCHAIN_ARM_STD\\startup_stm32f103xb.s
      At line 191 in file mbed\\targets\\TARGET_STM\\TARGET_STM32F1\\TARGET_NUC
LEO_F103RB\\device\\TOOLCHAIN_ARM_STD\\startup_stm32f103xb.s

HardFault_Handler 0000000A

Symbol: HardFault_Handler
   Definitions
      At line 147 in file mbed\\targets\\TARGET_STM\\TARGET_STM32F1\\TARGET_NUC
LEO_F103RB\\device\\TOOLCHAIN_ARM_STD\\startup_stm32f103xb.s
   Uses
      At line 66 in file mbed\\targets\\TARGET_STM\\TARGET_STM32F1\\TARGET_NUCL
EO_F103RB\\device\\TOOLCHAIN_ARM_STD\\startup_stm32f103xb.s
      At line 149 in file mbed\\targets\\TARGET_STM\\TARGET_STM32F1\\TARGET_NUC
LEO_F103RB\\device\\TOOLCHAIN_ARM_STD\\startup_stm32f103xb.s

I2C1_ER_IRQHandler 0000001A

Symbol: I2C1_ER_IRQHandler
   Definitions
      At line 263 in file mbed\\targets\\TARGET_STM\\TARGET_STM32F1\\TARGET_NUC
LEO_F103RB\\device\\TOOLCHAIN_ARM_STD\\startup_stm32f103xb.s
   Uses
      At line 113 in file mbed\\targets\\TARGET_STM\\TARGET_STM32F1\\TARGET_NUC
LEO_F103RB\\device\\TOOLCHAIN_ARM_STD\\startup_stm32f103xb.s
      At line 219 in file mbed\\targets\\TARGET_STM\\TARGET_STM32F1\\TARGET_NUC
LEO_F103RB\\device\\TOOLCHAIN_ARM_STD\\startup_stm32f103xb.s

I2C1_EV_IRQHandler 0000001A

Symbol: I2C1_EV_IRQHandler
   Definitions
      At line 262 in file mbed\\targets\\TARGET_STM\\TARGET_STM32F1\\TARGET_NUC
LEO_F103RB\\device\\TOOLCHAIN_ARM_STD\\startup_stm32f103xb.s
   Uses
      At line 112 in file mbed\\targets\\TARGET_STM\\TARGET_STM32F1\\TARGET_NUC
LEO_F103RB\\device\\TOOLCHAIN_ARM_STD\\startup_stm32f103xb.s
      At line 218 in file mbed\\targets\\TARGET_STM\\TARGET_STM32F1\\TARGET_NUC
LEO_F103RB\\device\\TOOLCHAIN_ARM_STD\\startup_stm32f103xb.s

I2C2_ER_IRQHandler 0000001A



ARM Macro Assembler    Page 6 Alphabetic symbol ordering
Relocatable symbols


Symbol: I2C2_ER_IRQHandler
   Definitions
      At line 265 in file mbed\\targets\\TARGET_STM\\TARGET_STM32F1\\TARGET_NUC
LEO_F103RB\\device\\TOOLCHAIN_ARM_STD\\startup_stm32f103xb.s
   Uses
      At line 115 in file mbed\\targets\\TARGET_STM\\TARGET_STM32F1\\TARGET_NUC
LEO_F103RB\\device\\TOOLCHAIN_ARM_STD\\startup_stm32f103xb.s
      At line 221 in file mbed\\targets\\TARGET_STM\\TARGET_STM32F1\\TARGET_NUC
LEO_F103RB\\device\\TOOLCHAIN_ARM_STD\\startup_stm32f103xb.s

I2C2_EV_IRQHandler 0000001A

Symbol: I2C2_EV_IRQHandler
   Definitions
      At line 264 in file mbed\\targets\\TARGET_STM\\TARGET_STM32F1\\TARGET_NUC
LEO_F103RB\\device\\TOOLCHAIN_ARM_STD\\startup_stm32f103xb.s
   Uses
      At line 114 in file mbed\\targets\\TARGET_STM\\TARGET_STM32F1\\TARGET_NUC
LEO_F103RB\\device\\TOOLCHAIN_ARM_STD\\startup_stm32f103xb.s
      At line 220 in file mbed\\targets\\TARGET_STM\\TARGET_STM32F1\\TARGET_NUC
LEO_F103RB\\device\\TOOLCHAIN_ARM_STD\\startup_stm32f103xb.s

MemManage_Handler 0000000C

Symbol: MemManage_Handler
   Definitions
      At line 152 in file mbed\\targets\\TARGET_STM\\TARGET_STM32F1\\TARGET_NUC
LEO_F103RB\\device\\TOOLCHAIN_ARM_STD\\startup_stm32f103xb.s
   Uses
      At line 67 in file mbed\\targets\\TARGET_STM\\TARGET_STM32F1\\TARGET_NUCL
EO_F103RB\\device\\TOOLCHAIN_ARM_STD\\startup_stm32f103xb.s
      At line 154 in file mbed\\targets\\TARGET_STM\\TARGET_STM32F1\\TARGET_NUC
LEO_F103RB\\device\\TOOLCHAIN_ARM_STD\\startup_stm32f103xb.s

NMI_Handler 00000008

Symbol: NMI_Handler
   Definitions
      At line 143 in file mbed\\targets\\TARGET_STM\\TARGET_STM32F1\\TARGET_NUC
LEO_F103RB\\device\\TOOLCHAIN_ARM_STD\\startup_stm32f103xb.s
   Uses
      At line 65 in file mbed\\targets\\TARGET_STM\\TARGET_STM32F1\\TARGET_NUCL
EO_F103RB\\device\\TOOLCHAIN_ARM_STD\\startup_stm32f103xb.s
      At line 144 in file mbed\\targets\\TARGET_STM\\TARGET_STM32F1\\TARGET_NUC
LEO_F103RB\\device\\TOOLCHAIN_ARM_STD\\startup_stm32f103xb.s

PVD_IRQHandler 0000001A

Symbol: PVD_IRQHandler
   Definitions
      At line 232 in file mbed\\targets\\TARGET_STM\\TARGET_STM32F1\\TARGET_NUC
LEO_F103RB\\device\\TOOLCHAIN_ARM_STD\\startup_stm32f103xb.s
   Uses
      At line 82 in file mbed\\targets\\TARGET_STM\\TARGET_STM32F1\\TARGET_NUCL
EO_F103RB\\device\\TOOLCHAIN_ARM_STD\\startup_stm32f103xb.s
      At line 188 in file mbed\\targets\\TARGET_STM\\TARGET_STM32F1\\TARGET_NUC
LEO_F103RB\\device\\TOOLCHAIN_ARM_STD\\startup_stm32f103xb.s




ARM Macro Assembler    Page 7 Alphabetic symbol ordering
Relocatable symbols

PendSV_Handler 00000016

Symbol: PendSV_Handler
   Definitions
      At line 176 in file mbed\\targets\\TARGET_STM\\TARGET_STM32F1\\TARGET_NUC
LEO_F103RB\\device\\TOOLCHAIN_ARM_STD\\startup_stm32f103xb.s
   Uses
      At line 77 in file mbed\\targets\\TARGET_STM\\TARGET_STM32F1\\TARGET_NUCL
EO_F103RB\\device\\TOOLCHAIN_ARM_STD\\startup_stm32f103xb.s
      At line 177 in file mbed\\targets\\TARGET_STM\\TARGET_STM32F1\\TARGET_NUC
LEO_F103RB\\device\\TOOLCHAIN_ARM_STD\\startup_stm32f103xb.s

RCC_IRQHandler 0000001A

Symbol: RCC_IRQHandler
   Definitions
      At line 236 in file mbed\\targets\\TARGET_STM\\TARGET_STM32F1\\TARGET_NUC
LEO_F103RB\\device\\TOOLCHAIN_ARM_STD\\startup_stm32f103xb.s
   Uses
      At line 86 in file mbed\\targets\\TARGET_STM\\TARGET_STM32F1\\TARGET_NUCL
EO_F103RB\\device\\TOOLCHAIN_ARM_STD\\startup_stm32f103xb.s
      At line 192 in file mbed\\targets\\TARGET_STM\\TARGET_STM32F1\\TARGET_NUC
LEO_F103RB\\device\\TOOLCHAIN_ARM_STD\\startup_stm32f103xb.s

RTC_Alarm_IRQHandler 0000001A

Symbol: RTC_Alarm_IRQHandler
   Definitions
      At line 272 in file mbed\\targets\\TARGET_STM\\TARGET_STM32F1\\TARGET_NUC
LEO_F103RB\\device\\TOOLCHAIN_ARM_STD\\startup_stm32f103xb.s
   Uses
      At line 122 in file mbed\\targets\\TARGET_STM\\TARGET_STM32F1\\TARGET_NUC
LEO_F103RB\\device\\TOOLCHAIN_ARM_STD\\startup_stm32f103xb.s
      At line 228 in file mbed\\targets\\TARGET_STM\\TARGET_STM32F1\\TARGET_NUC
LEO_F103RB\\device\\TOOLCHAIN_ARM_STD\\startup_stm32f103xb.s

RTC_IRQHandler 0000001A

Symbol: RTC_IRQHandler
   Definitions
      At line 234 in file mbed\\targets\\TARGET_STM\\TARGET_STM32F1\\TARGET_NUC
LEO_F103RB\\device\\TOOLCHAIN_ARM_STD\\startup_stm32f103xb.s
   Uses
      At line 84 in file mbed\\targets\\TARGET_STM\\TARGET_STM32F1\\TARGET_NUCL
EO_F103RB\\device\\TOOLCHAIN_ARM_STD\\startup_stm32f103xb.s
      At line 190 in file mbed\\targets\\TARGET_STM\\TARGET_STM32F1\\TARGET_NUC
LEO_F103RB\\device\\TOOLCHAIN_ARM_STD\\startup_stm32f103xb.s

Reset_Handler 00000000

Symbol: Reset_Handler
   Definitions
      At line 131 in file mbed\\targets\\TARGET_STM\\TARGET_STM32F1\\TARGET_NUC
LEO_F103RB\\device\\TOOLCHAIN_ARM_STD\\startup_stm32f103xb.s
   Uses
      At line 64 in file mbed\\targets\\TARGET_STM\\TARGET_STM32F1\\TARGET_NUCL
EO_F103RB\\device\\TOOLCHAIN_ARM_STD\\startup_stm32f103xb.s
      At line 132 in file mbed\\targets\\TARGET_STM\\TARGET_STM32F1\\TARGET_NUC
LEO_F103RB\\device\\TOOLCHAIN_ARM_STD\\startup_stm32f103xb.s



ARM Macro Assembler    Page 8 Alphabetic symbol ordering
Relocatable symbols


SPI1_IRQHandler 0000001A

Symbol: SPI1_IRQHandler
   Definitions
      At line 266 in file mbed\\targets\\TARGET_STM\\TARGET_STM32F1\\TARGET_NUC
LEO_F103RB\\device\\TOOLCHAIN_ARM_STD\\startup_stm32f103xb.s
   Uses
      At line 116 in file mbed\\targets\\TARGET_STM\\TARGET_STM32F1\\TARGET_NUC
LEO_F103RB\\device\\TOOLCHAIN_ARM_STD\\startup_stm32f103xb.s
      At line 222 in file mbed\\targets\\TARGET_STM\\TARGET_STM32F1\\TARGET_NUC
LEO_F103RB\\device\\TOOLCHAIN_ARM_STD\\startup_stm32f103xb.s

SPI2_IRQHandler 0000001A

Symbol: SPI2_IRQHandler
   Definitions
      At line 267 in file mbed\\targets\\TARGET_STM\\TARGET_STM32F1\\TARGET_NUC
LEO_F103RB\\device\\TOOLCHAIN_ARM_STD\\startup_stm32f103xb.s
   Uses
      At line 117 in file mbed\\targets\\TARGET_STM\\TARGET_STM32F1\\TARGET_NUC
LEO_F103RB\\device\\TOOLCHAIN_ARM_STD\\startup_stm32f103xb.s
      At line 223 in file mbed\\targets\\TARGET_STM\\TARGET_STM32F1\\TARGET_NUC
LEO_F103RB\\device\\TOOLCHAIN_ARM_STD\\startup_stm32f103xb.s

SVC_Handler 00000012

Symbol: SVC_Handler
   Definitions
      At line 167 in file mbed\\targets\\TARGET_STM\\TARGET_STM32F1\\TARGET_NUC
LEO_F103RB\\device\\TOOLCHAIN_ARM_STD\\startup_stm32f103xb.s
   Uses
      At line 74 in file mbed\\targets\\TARGET_STM\\TARGET_STM32F1\\TARGET_NUCL
EO_F103RB\\device\\TOOLCHAIN_ARM_STD\\startup_stm32f103xb.s
      At line 168 in file mbed\\targets\\TARGET_STM\\TARGET_STM32F1\\TARGET_NUC
LEO_F103RB\\device\\TOOLCHAIN_ARM_STD\\startup_stm32f103xb.s

SysTick_Handler 00000018

Symbol: SysTick_Handler
   Definitions
      At line 180 in file mbed\\targets\\TARGET_STM\\TARGET_STM32F1\\TARGET_NUC
LEO_F103RB\\device\\TOOLCHAIN_ARM_STD\\startup_stm32f103xb.s
   Uses
      At line 78 in file mbed\\targets\\TARGET_STM\\TARGET_STM32F1\\TARGET_NUCL
EO_F103RB\\device\\TOOLCHAIN_ARM_STD\\startup_stm32f103xb.s
      At line 181 in file mbed\\targets\\TARGET_STM\\TARGET_STM32F1\\TARGET_NUC
LEO_F103RB\\device\\TOOLCHAIN_ARM_STD\\startup_stm32f103xb.s

TAMPER_IRQHandler 0000001A

Symbol: TAMPER_IRQHandler
   Definitions
      At line 233 in file mbed\\targets\\TARGET_STM\\TARGET_STM32F1\\TARGET_NUC
LEO_F103RB\\device\\TOOLCHAIN_ARM_STD\\startup_stm32f103xb.s
   Uses
      At line 83 in file mbed\\targets\\TARGET_STM\\TARGET_STM32F1\\TARGET_NUCL
EO_F103RB\\device\\TOOLCHAIN_ARM_STD\\startup_stm32f103xb.s
      At line 189 in file mbed\\targets\\TARGET_STM\\TARGET_STM32F1\\TARGET_NUC



ARM Macro Assembler    Page 9 Alphabetic symbol ordering
Relocatable symbols

LEO_F103RB\\device\\TOOLCHAIN_ARM_STD\\startup_stm32f103xb.s

TIM1_BRK_IRQHandler 0000001A

Symbol: TIM1_BRK_IRQHandler
   Definitions
      At line 255 in file mbed\\targets\\TARGET_STM\\TARGET_STM32F1\\TARGET_NUC
LEO_F103RB\\device\\TOOLCHAIN_ARM_STD\\startup_stm32f103xb.s
   Uses
      At line 105 in file mbed\\targets\\TARGET_STM\\TARGET_STM32F1\\TARGET_NUC
LEO_F103RB\\device\\TOOLCHAIN_ARM_STD\\startup_stm32f103xb.s
      At line 211 in file mbed\\targets\\TARGET_STM\\TARGET_STM32F1\\TARGET_NUC
LEO_F103RB\\device\\TOOLCHAIN_ARM_STD\\startup_stm32f103xb.s

TIM1_CC_IRQHandler 0000001A

Symbol: TIM1_CC_IRQHandler
   Definitions
      At line 258 in file mbed\\targets\\TARGET_STM\\TARGET_STM32F1\\TARGET_NUC
LEO_F103RB\\device\\TOOLCHAIN_ARM_STD\\startup_stm32f103xb.s
   Uses
      At line 108 in file mbed\\targets\\TARGET_STM\\TARGET_STM32F1\\TARGET_NUC
LEO_F103RB\\device\\TOOLCHAIN_ARM_STD\\startup_stm32f103xb.s
      At line 214 in file mbed\\targets\\TARGET_STM\\TARGET_STM32F1\\TARGET_NUC
LEO_F103RB\\device\\TOOLCHAIN_ARM_STD\\startup_stm32f103xb.s

TIM1_TRG_COM_IRQHandler 0000001A

Symbol: TIM1_TRG_COM_IRQHandler
   Definitions
      At line 257 in file mbed\\targets\\TARGET_STM\\TARGET_STM32F1\\TARGET_NUC
LEO_F103RB\\device\\TOOLCHAIN_ARM_STD\\startup_stm32f103xb.s
   Uses
      At line 107 in file mbed\\targets\\TARGET_STM\\TARGET_STM32F1\\TARGET_NUC
LEO_F103RB\\device\\TOOLCHAIN_ARM_STD\\startup_stm32f103xb.s
      At line 213 in file mbed\\targets\\TARGET_STM\\TARGET_STM32F1\\TARGET_NUC
LEO_F103RB\\device\\TOOLCHAIN_ARM_STD\\startup_stm32f103xb.s

TIM1_UP_IRQHandler 0000001A

Symbol: TIM1_UP_IRQHandler
   Definitions
      At line 256 in file mbed\\targets\\TARGET_STM\\TARGET_STM32F1\\TARGET_NUC
LEO_F103RB\\device\\TOOLCHAIN_ARM_STD\\startup_stm32f103xb.s
   Uses
      At line 106 in file mbed\\targets\\TARGET_STM\\TARGET_STM32F1\\TARGET_NUC
LEO_F103RB\\device\\TOOLCHAIN_ARM_STD\\startup_stm32f103xb.s
      At line 212 in file mbed\\targets\\TARGET_STM\\TARGET_STM32F1\\TARGET_NUC
LEO_F103RB\\device\\TOOLCHAIN_ARM_STD\\startup_stm32f103xb.s

TIM2_IRQHandler 0000001A

Symbol: TIM2_IRQHandler
   Definitions
      At line 259 in file mbed\\targets\\TARGET_STM\\TARGET_STM32F1\\TARGET_NUC
LEO_F103RB\\device\\TOOLCHAIN_ARM_STD\\startup_stm32f103xb.s
   Uses
      At line 109 in file mbed\\targets\\TARGET_STM\\TARGET_STM32F1\\TARGET_NUC
LEO_F103RB\\device\\TOOLCHAIN_ARM_STD\\startup_stm32f103xb.s



ARM Macro Assembler    Page 10 Alphabetic symbol ordering
Relocatable symbols

      At line 215 in file mbed\\targets\\TARGET_STM\\TARGET_STM32F1\\TARGET_NUC
LEO_F103RB\\device\\TOOLCHAIN_ARM_STD\\startup_stm32f103xb.s

TIM3_IRQHandler 0000001A

Symbol: TIM3_IRQHandler
   Definitions
      At line 260 in file mbed\\targets\\TARGET_STM\\TARGET_STM32F1\\TARGET_NUC
LEO_F103RB\\device\\TOOLCHAIN_ARM_STD\\startup_stm32f103xb.s
   Uses
      At line 110 in file mbed\\targets\\TARGET_STM\\TARGET_STM32F1\\TARGET_NUC
LEO_F103RB\\device\\TOOLCHAIN_ARM_STD\\startup_stm32f103xb.s
      At line 216 in file mbed\\targets\\TARGET_STM\\TARGET_STM32F1\\TARGET_NUC
LEO_F103RB\\device\\TOOLCHAIN_ARM_STD\\startup_stm32f103xb.s

TIM4_IRQHandler 0000001A

Symbol: TIM4_IRQHandler
   Definitions
      At line 261 in file mbed\\targets\\TARGET_STM\\TARGET_STM32F1\\TARGET_NUC
LEO_F103RB\\device\\TOOLCHAIN_ARM_STD\\startup_stm32f103xb.s
   Uses
      At line 111 in file mbed\\targets\\TARGET_STM\\TARGET_STM32F1\\TARGET_NUC
LEO_F103RB\\device\\TOOLCHAIN_ARM_STD\\startup_stm32f103xb.s
      At line 217 in file mbed\\targets\\TARGET_STM\\TARGET_STM32F1\\TARGET_NUC
LEO_F103RB\\device\\TOOLCHAIN_ARM_STD\\startup_stm32f103xb.s

USART1_IRQHandler 0000001A

Symbol: USART1_IRQHandler
   Definitions
      At line 268 in file mbed\\targets\\TARGET_STM\\TARGET_STM32F1\\TARGET_NUC
LEO_F103RB\\device\\TOOLCHAIN_ARM_STD\\startup_stm32f103xb.s
   Uses
      At line 118 in file mbed\\targets\\TARGET_STM\\TARGET_STM32F1\\TARGET_NUC
LEO_F103RB\\device\\TOOLCHAIN_ARM_STD\\startup_stm32f103xb.s
      At line 224 in file mbed\\targets\\TARGET_STM\\TARGET_STM32F1\\TARGET_NUC
LEO_F103RB\\device\\TOOLCHAIN_ARM_STD\\startup_stm32f103xb.s

USART2_IRQHandler 0000001A

Symbol: USART2_IRQHandler
   Definitions
      At line 269 in file mbed\\targets\\TARGET_STM\\TARGET_STM32F1\\TARGET_NUC
LEO_F103RB\\device\\TOOLCHAIN_ARM_STD\\startup_stm32f103xb.s
   Uses
      At line 119 in file mbed\\targets\\TARGET_STM\\TARGET_STM32F1\\TARGET_NUC
LEO_F103RB\\device\\TOOLCHAIN_ARM_STD\\startup_stm32f103xb.s
      At line 225 in file mbed\\targets\\TARGET_STM\\TARGET_STM32F1\\TARGET_NUC
LEO_F103RB\\device\\TOOLCHAIN_ARM_STD\\startup_stm32f103xb.s

USART3_IRQHandler 0000001A

Symbol: USART3_IRQHandler
   Definitions
      At line 270 in file mbed\\targets\\TARGET_STM\\TARGET_STM32F1\\TARGET_NUC
LEO_F103RB\\device\\TOOLCHAIN_ARM_STD\\startup_stm32f103xb.s
   Uses
      At line 120 in file mbed\\targets\\TARGET_STM\\TARGET_STM32F1\\TARGET_NUC



ARM Macro Assembler    Page 11 Alphabetic symbol ordering
Relocatable symbols

LEO_F103RB\\device\\TOOLCHAIN_ARM_STD\\startup_stm32f103xb.s
      At line 226 in file mbed\\targets\\TARGET_STM\\TARGET_STM32F1\\TARGET_NUC
LEO_F103RB\\device\\TOOLCHAIN_ARM_STD\\startup_stm32f103xb.s

USBWakeUp_IRQHandler 0000001A

Symbol: USBWakeUp_IRQHandler
   Definitions
      At line 273 in file mbed\\targets\\TARGET_STM\\TARGET_STM32F1\\TARGET_NUC
LEO_F103RB\\device\\TOOLCHAIN_ARM_STD\\startup_stm32f103xb.s
   Uses
      At line 123 in file mbed\\targets\\TARGET_STM\\TARGET_STM32F1\\TARGET_NUC
LEO_F103RB\\device\\TOOLCHAIN_ARM_STD\\startup_stm32f103xb.s
      At line 229 in file mbed\\targets\\TARGET_STM\\TARGET_STM32F1\\TARGET_NUC
LEO_F103RB\\device\\TOOLCHAIN_ARM_STD\\startup_stm32f103xb.s

USB_HP_CAN1_TX_IRQHandler 0000001A

Symbol: USB_HP_CAN1_TX_IRQHandler
   Definitions
      At line 250 in file mbed\\targets\\TARGET_STM\\TARGET_STM32F1\\TARGET_NUC
LEO_F103RB\\device\\TOOLCHAIN_ARM_STD\\startup_stm32f103xb.s
   Uses
      At line 100 in file mbed\\targets\\TARGET_STM\\TARGET_STM32F1\\TARGET_NUC
LEO_F103RB\\device\\TOOLCHAIN_ARM_STD\\startup_stm32f103xb.s
      At line 206 in file mbed\\targets\\TARGET_STM\\TARGET_STM32F1\\TARGET_NUC
LEO_F103RB\\device\\TOOLCHAIN_ARM_STD\\startup_stm32f103xb.s

USB_LP_CAN1_RX0_IRQHandler 0000001A

Symbol: USB_LP_CAN1_RX0_IRQHandler
   Definitions
      At line 251 in file mbed\\targets\\TARGET_STM\\TARGET_STM32F1\\TARGET_NUC
LEO_F103RB\\device\\TOOLCHAIN_ARM_STD\\startup_stm32f103xb.s
   Uses
      At line 101 in file mbed\\targets\\TARGET_STM\\TARGET_STM32F1\\TARGET_NUC
LEO_F103RB\\device\\TOOLCHAIN_ARM_STD\\startup_stm32f103xb.s
      At line 207 in file mbed\\targets\\TARGET_STM\\TARGET_STM32F1\\TARGET_NUC
LEO_F103RB\\device\\TOOLCHAIN_ARM_STD\\startup_stm32f103xb.s

UsageFault_Handler 00000010

Symbol: UsageFault_Handler
   Definitions
      At line 162 in file mbed\\targets\\TARGET_STM\\TARGET_STM32F1\\TARGET_NUC
LEO_F103RB\\device\\TOOLCHAIN_ARM_STD\\startup_stm32f103xb.s
   Uses
      At line 69 in file mbed\\targets\\TARGET_STM\\TARGET_STM32F1\\TARGET_NUCL
EO_F103RB\\device\\TOOLCHAIN_ARM_STD\\startup_stm32f103xb.s
      At line 164 in file mbed\\targets\\TARGET_STM\\TARGET_STM32F1\\TARGET_NUC
LEO_F103RB\\device\\TOOLCHAIN_ARM_STD\\startup_stm32f103xb.s

WWDG_IRQHandler 0000001A

Symbol: WWDG_IRQHandler
   Definitions
      At line 231 in file mbed\\targets\\TARGET_STM\\TARGET_STM32F1\\TARGET_NUC
LEO_F103RB\\device\\TOOLCHAIN_ARM_STD\\startup_stm32f103xb.s
   Uses



ARM Macro Assembler    Page 12 Alphabetic symbol ordering
Relocatable symbols

      At line 81 in file mbed\\targets\\TARGET_STM\\TARGET_STM32F1\\TARGET_NUCL
EO_F103RB\\device\\TOOLCHAIN_ARM_STD\\startup_stm32f103xb.s
      At line 187 in file mbed\\targets\\TARGET_STM\\TARGET_STM32F1\\TARGET_NUC
LEO_F103RB\\device\\TOOLCHAIN_ARM_STD\\startup_stm32f103xb.s

55 symbols



ARM Macro Assembler    Page 1 Alphabetic symbol ordering
Absolute symbols

__Vectors_Size 000000EC

Symbol: __Vectors_Size
   Definitions
      At line 126 in file mbed\\targets\\TARGET_STM\\TARGET_STM32F1\\TARGET_NUC
LEO_F103RB\\device\\TOOLCHAIN_ARM_STD\\startup_stm32f103xb.s
   Uses
      At line 61 in file mbed\\targets\\TARGET_STM\\TARGET_STM32F1\\TARGET_NUCL
EO_F103RB\\device\\TOOLCHAIN_ARM_STD\\startup_stm32f103xb.s
Comment: __Vectors_Size used once
__initial_sp 20005000

Symbol: __initial_sp
   Definitions
      At line 51 in file mbed\\targets\\TARGET_STM\\TARGET_STM32F1\\TARGET_NUCL
EO_F103RB\\device\\TOOLCHAIN_ARM_STD\\startup_stm32f103xb.s
   Uses
      At line 63 in file mbed\\targets\\TARGET_STM\\TARGET_STM32F1\\TARGET_NUCL
EO_F103RB\\device\\TOOLCHAIN_ARM_STD\\startup_stm32f103xb.s
Comment: __initial_sp used once
2 symbols



ARM Macro Assembler    Page 1 Alphabetic symbol ordering
External symbols

SystemInit 00000000

Symbol: SystemInit
   Definitions
      At line 134 in file mbed\\targets\\TARGET_STM\\TARGET_STM32F1\\TARGET_NUC
LEO_F103RB\\device\\TOOLCHAIN_ARM_STD\\startup_stm32f103xb.s
   Uses
      At line 135 in file mbed\\targets\\TARGET_STM\\TARGET_STM32F1\\TARGET_NUC
LEO_F103RB\\device\\TOOLCHAIN_ARM_STD\\startup_stm32f103xb.s
Comment: SystemInit used once
__main 00000000

Symbol: __main
   Definitions
      At line 133 in file mbed\\targets\\TARGET_STM\\TARGET_STM32F1\\TARGET_NUC
LEO_F103RB\\device\\TOOLCHAIN_ARM_STD\\startup_stm32f103xb.s
   Uses
      At line 137 in file mbed\\targets\\TARGET_STM\\TARGET_STM32F1\\TARGET_NUC
LEO_F103RB\\device\\TOOLCHAIN_ARM_STD\\startup_stm32f103xb.s
Comment: __main used once
2 symbols
396 symbols in table
