


ARM Macro Assembler    Page 1 


    1 00000000         #line   1                "..\\mbed\\targets\\TARGET_STM\
\TARGET_STM32F0\\TARGET_NUCLEO_F030R8\\device\\TOOLCHAIN_ARM_STD\\startup_stm32
f030x6.s"
    1 00000000         ;******************** (C) COPYRIGHT 2016 STMicroelectron
                       ics ********************
    2 00000000         ;* File Name          : startup_stm32f030x6.s
    3 00000000         ;* Author             : MCD Application Team
    4 00000000         ;* Description        : STM32F030x4/STM32F030x6 devices 
                       vector table for MDK-ARM toolchain.
    5 00000000         ;*                      This module performs:
    6 00000000         ;*                      - Set the initial SP
    7 00000000         ;*                      - Set the initial PC == Reset_Ha
                       ndler
    8 00000000         ;*                      - Set the vector table entries w
                       ith the exceptions ISR address
    9 00000000         ;*                      - Branches to __main in the C li
                       brary (which eventually
   10 00000000         ;*                        calls main()).
   11 00000000         ;*                      After Reset the CortexM0 process
                       or is in Thread mode,
   12 00000000         ;*                      priority is Privileged, and the 
                       Stack is set to Main.
   13 00000000         ;* <<< Use Configuration Wizard in Context Menu >>>
   14 00000000         ;*******************************************************
                       ************************
   15 00000000         ;*
   16 00000000         ;* Redistribution and use in source and binary forms, wi
                       th or without modification,
   17 00000000         ;* are permitted provided that the following conditions 
                       are met:
   18 00000000         ;*   1. Redistributions of source code must retain the a
                       bove copyright notice,
   19 00000000         ;*      this list of conditions and the following discla
                       imer.
   20 00000000         ;*   2. Redistributions in binary form must reproduce th
                       e above copyright notice,
   21 00000000         ;*      this list of conditions and the following discla
                       imer in the documentation
   22 00000000         ;*      and/or other materials provided with the distrib
                       ution.
   23 00000000         ;*   3. Neither the name of STMicroelectronics nor the n
                       ames of its contributors
   24 00000000         ;*      may be used to endorse or promote products deriv
                       ed from this software
   25 00000000         ;*      without specific prior written permission.
   26 00000000         ;*
   27 00000000         ;* THIS SOFTWARE IS PROVIDED BY THE COPYRIGHT HOLDERS AN
                       D CONTRIBUTORS "AS IS"
   28 00000000         ;* AND ANY EXPRESS OR IMPLIED WARRANTIES, INCLUDING, BUT
                        NOT LIMITED TO, THE
   29 00000000         ;* IMPLIED WARRANTIES OF MERCHANTABILITY AND FITNESS FOR
                        A PARTICULAR PURPOSE ARE
   30 00000000         ;* DISCLAIMED. IN NO EVENT SHALL THE COPYRIGHT HOLDER OR
                        CONTRIBUTORS BE LIABLE
   31 00000000         ;* FOR ANY DIRECT, INDIRECT, INCIDENTAL, SPECIAL, EXEMPL
                       ARY, OR CONSEQUENTIAL
   32 00000000         ;* DAMAGES (INCLUDING, BUT NOT LIMITED TO, PROCUREMENT O
                       F SUBSTITUTE GOODS OR
   33 00000000         ;* SERVICES; LOSS OF USE, DATA, OR PROFITS; OR BUSINESS 



ARM Macro Assembler    Page 2 


                       INTERRUPTION) HOWEVER
   34 00000000         ;* CAUSED AND ON ANY THEORY OF LIABILITY, WHETHER IN CON
                       TRACT, STRICT LIABILITY,
   35 00000000         ;* OR TORT (INCLUDING NEGLIGENCE OR OTHERWISE) ARISING I
                       N ANY WAY OUT OF THE USE
   36 00000000         ;* OF THIS SOFTWARE, EVEN IF ADVISED OF THE POSSIBILITY 
                       OF SUCH DAMAGE.
   37 00000000         ;
   38 00000000         ;*******************************************************
                       ************************
   39 00000000         
   40 00000000         ; Amount of memory (in bytes) allocated for Stack
   41 00000000         ; Tailor this value to your application needs
   42 00000000         ; <h> Stack Configuration
   43 00000000         ;   <o> Stack Size (in Bytes) <0x0-0xFFFFFFFF:8>
   44 00000000         ; </h>
   45 00000000         
   46 00000000 20001000 
                       __initial_sp
                               EQU              0x20001000  ; Top of RAM
   47 00000000         
   48 00000000                 PRESERVE8
   49 00000000                 THUMB
   50 00000000         
   51 00000000         
   52 00000000         ; Vector Table Mapped to Address 0 at Reset
   53 00000000                 AREA             RESET, DATA, READONLY
   54 00000000                 EXPORT           __Vectors
   55 00000000                 EXPORT           __Vectors_End
   56 00000000                 EXPORT           __Vectors_Size
   57 00000000         
   58 00000000 20001000 
                       __Vectors
                               DCD              __initial_sp ; Top of Stack
   59 00000004 00000000        DCD              Reset_Handler ; Reset Handler
   60 00000008 00000000        DCD              NMI_Handler ; NMI Handler
   61 0000000C 00000000        DCD              HardFault_Handler ; Hard Fault 
                                                            Handler
   62 00000010 00000000        DCD              0           ; Reserved
   63 00000014 00000000        DCD              0           ; Reserved
   64 00000018 00000000        DCD              0           ; Reserved
   65 0000001C 00000000        DCD              0           ; Reserved
   66 00000020 00000000        DCD              0           ; Reserved
   67 00000024 00000000        DCD              0           ; Reserved
   68 00000028 00000000        DCD              0           ; Reserved
   69 0000002C 00000000        DCD              SVC_Handler ; SVCall Handler
   70 00000030 00000000        DCD              0           ; Reserved
   71 00000034 00000000        DCD              0           ; Reserved
   72 00000038 00000000        DCD              PendSV_Handler ; PendSV Handler
                                                            
   73 0000003C 00000000        DCD              SysTick_Handler 
                                                            ; SysTick Handler
   74 00000040         
   75 00000040         ; External Interrupts
   76 00000040 00000000        DCD              WWDG_IRQHandler 
                                                            ; Window Watchdog
   77 00000044 00000000        DCD              0           ; Reserved
   78 00000048 00000000        DCD              RTC_IRQHandler ; RTC through EX
                                                            TI Line



ARM Macro Assembler    Page 3 


   79 0000004C 00000000        DCD              FLASH_IRQHandler ; FLASH
   80 00000050 00000000        DCD              RCC_IRQHandler ; RCC
   81 00000054 00000000        DCD              EXTI0_1_IRQHandler 
                                                            ; EXTI Line 0 and 1
                                                            
   82 00000058 00000000        DCD              EXTI2_3_IRQHandler 
                                                            ; EXTI Line 2 and 3
                                                            
   83 0000005C 00000000        DCD              EXTI4_15_IRQHandler 
                                                            ; EXTI Line 4 to 15
                                                            
   84 00000060 00000000        DCD              0           ; Reserved
   85 00000064 00000000        DCD              DMA1_Channel1_IRQHandler 
                                                            ; DMA1 Channel 1
   86 00000068 00000000        DCD              DMA1_Channel2_3_IRQHandler ; DM
                                                            A1 Channel 2 and Ch
                                                            annel 3
   87 0000006C 00000000        DCD              DMA1_Channel4_5_IRQHandler ; DM
                                                            A1 Channel 4 and Ch
                                                            annel 5
   88 00000070 00000000        DCD              ADC1_IRQHandler ; ADC1 
   89 00000074 00000000        DCD              TIM1_BRK_UP_TRG_COM_IRQHandler 
                                                            ; TIM1 Break, Updat
                                                            e, Trigger and Comm
                                                            utation
   90 00000078 00000000        DCD              TIM1_CC_IRQHandler ; TIM1 Captu
                                                            re Compare
   91 0000007C 00000000        DCD              0           ; Reserved
   92 00000080 00000000        DCD              TIM3_IRQHandler ; TIM3
   93 00000084 00000000        DCD              0           ; Reserved
   94 00000088 00000000        DCD              0           ; Reserved
   95 0000008C 00000000        DCD              TIM14_IRQHandler ; TIM14
   96 00000090 00000000        DCD              0           ; Reserved
   97 00000094 00000000        DCD              TIM16_IRQHandler ; TIM16
   98 00000098 00000000        DCD              TIM17_IRQHandler ; TIM17
   99 0000009C 00000000        DCD              I2C1_IRQHandler ; I2C1
  100 000000A0 00000000        DCD              0           ; Reserved
  101 000000A4 00000000        DCD              SPI1_IRQHandler ; SPI1
  102 000000A8 00000000        DCD              0           ; Reserved
  103 000000AC 00000000        DCD              USART1_IRQHandler ; USART1
  104 000000B0         
  105 000000B0         
  106 000000B0         __Vectors_End
  107 000000B0         
  108 000000B0 000000B0 
                       __Vectors_Size
                               EQU              __Vectors_End - __Vectors
  109 000000B0         
  110 000000B0                 AREA             |.text|, CODE, READONLY
  111 00000000         
  112 00000000         ; Reset handler routine
  113 00000000         Reset_Handler
                               PROC
  114 00000000                 EXPORT           Reset_Handler                 [
WEAK]
  115 00000000                 IMPORT           __main
  116 00000000                 IMPORT           SystemInit
  117 00000000 4804            LDR              R0, =SystemInit
  118 00000002 4780            BLX              R0



ARM Macro Assembler    Page 4 


  119 00000004 4804            LDR              R0, =__main
  120 00000006 4700            BX               R0
  121 00000008                 ENDP
  122 00000008         
  123 00000008         ; Dummy Exception Handlers (infinite loops which can be 
                       modified)
  124 00000008         
  125 00000008         NMI_Handler
                               PROC
  126 00000008                 EXPORT           NMI_Handler                    
[WEAK]
  127 00000008 E7FE            B                .
  128 0000000A                 ENDP
  129 0000000A         HardFault_Handler
                               PROC
  130 0000000A         
  131 0000000A                 EXPORT           HardFault_Handler              
[WEAK]
  132 0000000A E7FE            B                .
  133 0000000C                 ENDP
  134 0000000C         SVC_Handler
                               PROC
  135 0000000C                 EXPORT           SVC_Handler                    
[WEAK]
  136 0000000C E7FE            B                .
  137 0000000E                 ENDP
  138 0000000E         PendSV_Handler
                               PROC
  139 0000000E                 EXPORT           PendSV_Handler                 
[WEAK]
  140 0000000E E7FE            B                .
  141 00000010                 ENDP
  142 00000010         SysTick_Handler
                               PROC
  143 00000010                 EXPORT           SysTick_Handler                
[WEAK]
  144 00000010 E7FE            B                .
  145 00000012                 ENDP
  146 00000012         
  147 00000012         Default_Handler
                               PROC
  148 00000012         
  149 00000012                 EXPORT           WWDG_IRQHandler                
[WEAK]
  150 00000012                 EXPORT           RTC_IRQHandler                 
[WEAK]
  151 00000012                 EXPORT           FLASH_IRQHandler               
[WEAK]
  152 00000012                 EXPORT           RCC_IRQHandler                 
[WEAK]
  153 00000012                 EXPORT           EXTI0_1_IRQHandler             
[WEAK]
  154 00000012                 EXPORT           EXTI2_3_IRQHandler             
[WEAK]
  155 00000012                 EXPORT           EXTI4_15_IRQHandler            
[WEAK]
  156 00000012                 EXPORT           DMA1_Channel1_IRQHandler       
[WEAK]
  157 00000012                 EXPORT           DMA1_Channel2_3_IRQHandler     



ARM Macro Assembler    Page 5 


[WEAK]
  158 00000012                 EXPORT           DMA1_Channel4_5_IRQHandler     
[WEAK]
  159 00000012                 EXPORT           ADC1_IRQHandler                
[WEAK]
  160 00000012                 EXPORT           TIM1_BRK_UP_TRG_COM_IRQHandler 
[WEAK]
  161 00000012                 EXPORT           TIM1_CC_IRQHandler             
[WEAK]
  162 00000012                 EXPORT           TIM3_IRQHandler                
[WEAK]
  163 00000012                 EXPORT           TIM14_IRQHandler               
[WEAK]
  164 00000012                 EXPORT           TIM16_IRQHandler               
[WEAK]
  165 00000012                 EXPORT           TIM17_IRQHandler               
[WEAK]
  166 00000012                 EXPORT           I2C1_IRQHandler                
[WEAK]
  167 00000012                 EXPORT           SPI1_IRQHandler                
[WEAK]
  168 00000012                 EXPORT           USART1_IRQHandler              
[WEAK]
  169 00000012         
  170 00000012         
  171 00000012         WWDG_IRQHandler
  172 00000012         RTC_IRQHandler
  173 00000012         FLASH_IRQHandler
  174 00000012         RCC_IRQHandler
  175 00000012         EXTI0_1_IRQHandler
  176 00000012         EXTI2_3_IRQHandler
  177 00000012         EXTI4_15_IRQHandler
  178 00000012         DMA1_Channel1_IRQHandler
  179 00000012         DMA1_Channel2_3_IRQHandler
  180 00000012         DMA1_Channel4_5_IRQHandler
  181 00000012         ADC1_IRQHandler
  182 00000012         TIM1_BRK_UP_TRG_COM_IRQHandler
  183 00000012         TIM1_CC_IRQHandler
  184 00000012         TIM3_IRQHandler
  185 00000012         TIM14_IRQHandler
  186 00000012         TIM16_IRQHandler
  187 00000012         TIM17_IRQHandler
  188 00000012         I2C1_IRQHandler
  189 00000012         SPI1_IRQHandler
  190 00000012         USART1_IRQHandler
  191 00000012         
  192 00000012 E7FE            B                .
  193 00000014         
  194 00000014                 ENDP
  195 00000014         
  196 00000014                 ALIGN
  197 00000014         
  198 00000014                 END
              00000000 
              00000000 
Command Line: --debug --xref --cpreproc --diag_suppress=9931 --cpu=Cortex-M0 --
apcs=interwork --depend=.\build\startup_stm32f030x6.d -o.\build\startup_stm32f0
30x6.o -I.\mbed -I..\user -I.\mbed\drivers -I.\mbed\hal -I.\mbed\hal\mpu -I.\mb
ed\hal\storage_abstraction -I.\mbed\hal\TARGET_FLASH_CMSIS_ALGO -I.\mbed\platfo



ARM Macro Assembler    Page 6 


rm -I.\mbed\TARGET_NUCLEO_F030R8 -I.\mbed\TARGET_NUCLEO_F030R8\device -I.\mbed\
cmsis -I.\mbed\cmsis\TARGET_CORTEX_M -IE:\electronics\mbed\stm32_mbed\Demo_F030
F4\project\RTE -ID:\Keil_v5\ARM\PACK\Keil\STM32F0xx_DFP\1.5.0\Device\Include -I
D:\Keil_v5\ARM\CMSIS\Include --predefine="__UVISION_VERSION SETA 521" --predefi
ne="STM32F030x6 SETA 1" --cpreproc_opts=-D__ASSERT_MSG,-D__CORTEX_M0,-DTRANSACT
ION_QUEUE_SIZE_SPI=2,-DCMSIS_VECTAB_VIRTUAL,-DARM_MATH_CM0,-D__MBED_CMSIS_RTOS_
CM,-DCMSIS_VECTAB_VIRTUAL_HEADER_FILE=cmsis_nvic.h,-D__CMSIS_RTOS --list=.\buil
d\startup_stm32f030x6.lst ..\mbed\targets\TARGET_STM\TARGET_STM32F0\TARGET_NUCL
EO_F030R8\device\TOOLCHAIN_ARM_STD\startup_stm32f030x6.s



ARM Macro Assembler    Page 1 Alphabetic symbol ordering
Relocatable symbols

RESET 00000000

Symbol: RESET
   Definitions
      At line 53 in file ..\\mbed\\targets\\TARGET_STM\\TARGET_STM32F0\\TARGET_
NUCLEO_F030R8\\device\\TOOLCHAIN_ARM_STD\\startup_stm32f030x6.s
   Uses
      None
Comment: RESET unused
__Vectors 00000000

Symbol: __Vectors
   Definitions
      At line 58 in file ..\\mbed\\targets\\TARGET_STM\\TARGET_STM32F0\\TARGET_
NUCLEO_F030R8\\device\\TOOLCHAIN_ARM_STD\\startup_stm32f030x6.s
   Uses
      At line 54 in file ..\\mbed\\targets\\TARGET_STM\\TARGET_STM32F0\\TARGET_
NUCLEO_F030R8\\device\\TOOLCHAIN_ARM_STD\\startup_stm32f030x6.s
      At line 108 in file ..\\mbed\\targets\\TARGET_STM\\TARGET_STM32F0\\TARGET
_NUCLEO_F030R8\\device\\TOOLCHAIN_ARM_STD\\startup_stm32f030x6.s

__Vectors_End 000000B0

Symbol: __Vectors_End
   Definitions
      At line 106 in file ..\\mbed\\targets\\TARGET_STM\\TARGET_STM32F0\\TARGET
_NUCLEO_F030R8\\device\\TOOLCHAIN_ARM_STD\\startup_stm32f030x6.s
   Uses
      At line 55 in file ..\\mbed\\targets\\TARGET_STM\\TARGET_STM32F0\\TARGET_
NUCLEO_F030R8\\device\\TOOLCHAIN_ARM_STD\\startup_stm32f030x6.s
      At line 108 in file ..\\mbed\\targets\\TARGET_STM\\TARGET_STM32F0\\TARGET
_NUCLEO_F030R8\\device\\TOOLCHAIN_ARM_STD\\startup_stm32f030x6.s

3 symbols



ARM Macro Assembler    Page 1 Alphabetic symbol ordering
Relocatable symbols

.text 00000000

Symbol: .text
   Definitions
      At line 110 in file ..\\mbed\\targets\\TARGET_STM\\TARGET_STM32F0\\TARGET
_NUCLEO_F030R8\\device\\TOOLCHAIN_ARM_STD\\startup_stm32f030x6.s
   Uses
      None
Comment: .text unused
ADC1_IRQHandler 00000012

Symbol: ADC1_IRQHandler
   Definitions
      At line 181 in file ..\\mbed\\targets\\TARGET_STM\\TARGET_STM32F0\\TARGET
_NUCLEO_F030R8\\device\\TOOLCHAIN_ARM_STD\\startup_stm32f030x6.s
   Uses
      At line 88 in file ..\\mbed\\targets\\TARGET_STM\\TARGET_STM32F0\\TARGET_
NUCLEO_F030R8\\device\\TOOLCHAIN_ARM_STD\\startup_stm32f030x6.s
      At line 159 in file ..\\mbed\\targets\\TARGET_STM\\TARGET_STM32F0\\TARGET
_NUCLEO_F030R8\\device\\TOOLCHAIN_ARM_STD\\startup_stm32f030x6.s

DMA1_Channel1_IRQHandler 00000012

Symbol: DMA1_Channel1_IRQHandler
   Definitions
      At line 178 in file ..\\mbed\\targets\\TARGET_STM\\TARGET_STM32F0\\TARGET
_NUCLEO_F030R8\\device\\TOOLCHAIN_ARM_STD\\startup_stm32f030x6.s
   Uses
      At line 85 in file ..\\mbed\\targets\\TARGET_STM\\TARGET_STM32F0\\TARGET_
NUCLEO_F030R8\\device\\TOOLCHAIN_ARM_STD\\startup_stm32f030x6.s
      At line 156 in file ..\\mbed\\targets\\TARGET_STM\\TARGET_STM32F0\\TARGET
_NUCLEO_F030R8\\device\\TOOLCHAIN_ARM_STD\\startup_stm32f030x6.s

DMA1_Channel2_3_IRQHandler 00000012

Symbol: DMA1_Channel2_3_IRQHandler
   Definitions
      At line 179 in file ..\\mbed\\targets\\TARGET_STM\\TARGET_STM32F0\\TARGET
_NUCLEO_F030R8\\device\\TOOLCHAIN_ARM_STD\\startup_stm32f030x6.s
   Uses
      At line 86 in file ..\\mbed\\targets\\TARGET_STM\\TARGET_STM32F0\\TARGET_
NUCLEO_F030R8\\device\\TOOLCHAIN_ARM_STD\\startup_stm32f030x6.s
      At line 157 in file ..\\mbed\\targets\\TARGET_STM\\TARGET_STM32F0\\TARGET
_NUCLEO_F030R8\\device\\TOOLCHAIN_ARM_STD\\startup_stm32f030x6.s

DMA1_Channel4_5_IRQHandler 00000012

Symbol: DMA1_Channel4_5_IRQHandler
   Definitions
      At line 180 in file ..\\mbed\\targets\\TARGET_STM\\TARGET_STM32F0\\TARGET
_NUCLEO_F030R8\\device\\TOOLCHAIN_ARM_STD\\startup_stm32f030x6.s
   Uses
      At line 87 in file ..\\mbed\\targets\\TARGET_STM\\TARGET_STM32F0\\TARGET_
NUCLEO_F030R8\\device\\TOOLCHAIN_ARM_STD\\startup_stm32f030x6.s
      At line 158 in file ..\\mbed\\targets\\TARGET_STM\\TARGET_STM32F0\\TARGET
_NUCLEO_F030R8\\device\\TOOLCHAIN_ARM_STD\\startup_stm32f030x6.s

Default_Handler 00000012




ARM Macro Assembler    Page 2 Alphabetic symbol ordering
Relocatable symbols

Symbol: Default_Handler
   Definitions
      At line 147 in file ..\\mbed\\targets\\TARGET_STM\\TARGET_STM32F0\\TARGET
_NUCLEO_F030R8\\device\\TOOLCHAIN_ARM_STD\\startup_stm32f030x6.s
   Uses
      None
Comment: Default_Handler unused
EXTI0_1_IRQHandler 00000012

Symbol: EXTI0_1_IRQHandler
   Definitions
      At line 175 in file ..\\mbed\\targets\\TARGET_STM\\TARGET_STM32F0\\TARGET
_NUCLEO_F030R8\\device\\TOOLCHAIN_ARM_STD\\startup_stm32f030x6.s
   Uses
      At line 81 in file ..\\mbed\\targets\\TARGET_STM\\TARGET_STM32F0\\TARGET_
NUCLEO_F030R8\\device\\TOOLCHAIN_ARM_STD\\startup_stm32f030x6.s
      At line 153 in file ..\\mbed\\targets\\TARGET_STM\\TARGET_STM32F0\\TARGET
_NUCLEO_F030R8\\device\\TOOLCHAIN_ARM_STD\\startup_stm32f030x6.s

EXTI2_3_IRQHandler 00000012

Symbol: EXTI2_3_IRQHandler
   Definitions
      At line 176 in file ..\\mbed\\targets\\TARGET_STM\\TARGET_STM32F0\\TARGET
_NUCLEO_F030R8\\device\\TOOLCHAIN_ARM_STD\\startup_stm32f030x6.s
   Uses
      At line 82 in file ..\\mbed\\targets\\TARGET_STM\\TARGET_STM32F0\\TARGET_
NUCLEO_F030R8\\device\\TOOLCHAIN_ARM_STD\\startup_stm32f030x6.s
      At line 154 in file ..\\mbed\\targets\\TARGET_STM\\TARGET_STM32F0\\TARGET
_NUCLEO_F030R8\\device\\TOOLCHAIN_ARM_STD\\startup_stm32f030x6.s

EXTI4_15_IRQHandler 00000012

Symbol: EXTI4_15_IRQHandler
   Definitions
      At line 177 in file ..\\mbed\\targets\\TARGET_STM\\TARGET_STM32F0\\TARGET
_NUCLEO_F030R8\\device\\TOOLCHAIN_ARM_STD\\startup_stm32f030x6.s
   Uses
      At line 83 in file ..\\mbed\\targets\\TARGET_STM\\TARGET_STM32F0\\TARGET_
NUCLEO_F030R8\\device\\TOOLCHAIN_ARM_STD\\startup_stm32f030x6.s
      At line 155 in file ..\\mbed\\targets\\TARGET_STM\\TARGET_STM32F0\\TARGET
_NUCLEO_F030R8\\device\\TOOLCHAIN_ARM_STD\\startup_stm32f030x6.s

FLASH_IRQHandler 00000012

Symbol: FLASH_IRQHandler
   Definitions
      At line 173 in file ..\\mbed\\targets\\TARGET_STM\\TARGET_STM32F0\\TARGET
_NUCLEO_F030R8\\device\\TOOLCHAIN_ARM_STD\\startup_stm32f030x6.s
   Uses
      At line 79 in file ..\\mbed\\targets\\TARGET_STM\\TARGET_STM32F0\\TARGET_
NUCLEO_F030R8\\device\\TOOLCHAIN_ARM_STD\\startup_stm32f030x6.s
      At line 151 in file ..\\mbed\\targets\\TARGET_STM\\TARGET_STM32F0\\TARGET
_NUCLEO_F030R8\\device\\TOOLCHAIN_ARM_STD\\startup_stm32f030x6.s

HardFault_Handler 0000000A

Symbol: HardFault_Handler
   Definitions



ARM Macro Assembler    Page 3 Alphabetic symbol ordering
Relocatable symbols

      At line 129 in file ..\\mbed\\targets\\TARGET_STM\\TARGET_STM32F0\\TARGET
_NUCLEO_F030R8\\device\\TOOLCHAIN_ARM_STD\\startup_stm32f030x6.s
   Uses
      At line 61 in file ..\\mbed\\targets\\TARGET_STM\\TARGET_STM32F0\\TARGET_
NUCLEO_F030R8\\device\\TOOLCHAIN_ARM_STD\\startup_stm32f030x6.s
      At line 131 in file ..\\mbed\\targets\\TARGET_STM\\TARGET_STM32F0\\TARGET
_NUCLEO_F030R8\\device\\TOOLCHAIN_ARM_STD\\startup_stm32f030x6.s

I2C1_IRQHandler 00000012

Symbol: I2C1_IRQHandler
   Definitions
      At line 188 in file ..\\mbed\\targets\\TARGET_STM\\TARGET_STM32F0\\TARGET
_NUCLEO_F030R8\\device\\TOOLCHAIN_ARM_STD\\startup_stm32f030x6.s
   Uses
      At line 99 in file ..\\mbed\\targets\\TARGET_STM\\TARGET_STM32F0\\TARGET_
NUCLEO_F030R8\\device\\TOOLCHAIN_ARM_STD\\startup_stm32f030x6.s
      At line 166 in file ..\\mbed\\targets\\TARGET_STM\\TARGET_STM32F0\\TARGET
_NUCLEO_F030R8\\device\\TOOLCHAIN_ARM_STD\\startup_stm32f030x6.s

NMI_Handler 00000008

Symbol: NMI_Handler
   Definitions
      At line 125 in file ..\\mbed\\targets\\TARGET_STM\\TARGET_STM32F0\\TARGET
_NUCLEO_F030R8\\device\\TOOLCHAIN_ARM_STD\\startup_stm32f030x6.s
   Uses
      At line 60 in file ..\\mbed\\targets\\TARGET_STM\\TARGET_STM32F0\\TARGET_
NUCLEO_F030R8\\device\\TOOLCHAIN_ARM_STD\\startup_stm32f030x6.s
      At line 126 in file ..\\mbed\\targets\\TARGET_STM\\TARGET_STM32F0\\TARGET
_NUCLEO_F030R8\\device\\TOOLCHAIN_ARM_STD\\startup_stm32f030x6.s

PendSV_Handler 0000000E

Symbol: PendSV_Handler
   Definitions
      At line 138 in file ..\\mbed\\targets\\TARGET_STM\\TARGET_STM32F0\\TARGET
_NUCLEO_F030R8\\device\\TOOLCHAIN_ARM_STD\\startup_stm32f030x6.s
   Uses
      At line 72 in file ..\\mbed\\targets\\TARGET_STM\\TARGET_STM32F0\\TARGET_
NUCLEO_F030R8\\device\\TOOLCHAIN_ARM_STD\\startup_stm32f030x6.s
      At line 139 in file ..\\mbed\\targets\\TARGET_STM\\TARGET_STM32F0\\TARGET
_NUCLEO_F030R8\\device\\TOOLCHAIN_ARM_STD\\startup_stm32f030x6.s

RCC_IRQHandler 00000012

Symbol: RCC_IRQHandler
   Definitions
      At line 174 in file ..\\mbed\\targets\\TARGET_STM\\TARGET_STM32F0\\TARGET
_NUCLEO_F030R8\\device\\TOOLCHAIN_ARM_STD\\startup_stm32f030x6.s
   Uses
      At line 80 in file ..\\mbed\\targets\\TARGET_STM\\TARGET_STM32F0\\TARGET_
NUCLEO_F030R8\\device\\TOOLCHAIN_ARM_STD\\startup_stm32f030x6.s
      At line 152 in file ..\\mbed\\targets\\TARGET_STM\\TARGET_STM32F0\\TARGET
_NUCLEO_F030R8\\device\\TOOLCHAIN_ARM_STD\\startup_stm32f030x6.s

RTC_IRQHandler 00000012

Symbol: RTC_IRQHandler



ARM Macro Assembler    Page 4 Alphabetic symbol ordering
Relocatable symbols

   Definitions
      At line 172 in file ..\\mbed\\targets\\TARGET_STM\\TARGET_STM32F0\\TARGET
_NUCLEO_F030R8\\device\\TOOLCHAIN_ARM_STD\\startup_stm32f030x6.s
   Uses
      At line 78 in file ..\\mbed\\targets\\TARGET_STM\\TARGET_STM32F0\\TARGET_
NUCLEO_F030R8\\device\\TOOLCHAIN_ARM_STD\\startup_stm32f030x6.s
      At line 150 in file ..\\mbed\\targets\\TARGET_STM\\TARGET_STM32F0\\TARGET
_NUCLEO_F030R8\\device\\TOOLCHAIN_ARM_STD\\startup_stm32f030x6.s

Reset_Handler 00000000

Symbol: Reset_Handler
   Definitions
      At line 113 in file ..\\mbed\\targets\\TARGET_STM\\TARGET_STM32F0\\TARGET
_NUCLEO_F030R8\\device\\TOOLCHAIN_ARM_STD\\startup_stm32f030x6.s
   Uses
      At line 59 in file ..\\mbed\\targets\\TARGET_STM\\TARGET_STM32F0\\TARGET_
NUCLEO_F030R8\\device\\TOOLCHAIN_ARM_STD\\startup_stm32f030x6.s
      At line 114 in file ..\\mbed\\targets\\TARGET_STM\\TARGET_STM32F0\\TARGET
_NUCLEO_F030R8\\device\\TOOLCHAIN_ARM_STD\\startup_stm32f030x6.s

SPI1_IRQHandler 00000012

Symbol: SPI1_IRQHandler
   Definitions
      At line 189 in file ..\\mbed\\targets\\TARGET_STM\\TARGET_STM32F0\\TARGET
_NUCLEO_F030R8\\device\\TOOLCHAIN_ARM_STD\\startup_stm32f030x6.s
   Uses
      At line 101 in file ..\\mbed\\targets\\TARGET_STM\\TARGET_STM32F0\\TARGET
_NUCLEO_F030R8\\device\\TOOLCHAIN_ARM_STD\\startup_stm32f030x6.s
      At line 167 in file ..\\mbed\\targets\\TARGET_STM\\TARGET_STM32F0\\TARGET
_NUCLEO_F030R8\\device\\TOOLCHAIN_ARM_STD\\startup_stm32f030x6.s

SVC_Handler 0000000C

Symbol: SVC_Handler
   Definitions
      At line 134 in file ..\\mbed\\targets\\TARGET_STM\\TARGET_STM32F0\\TARGET
_NUCLEO_F030R8\\device\\TOOLCHAIN_ARM_STD\\startup_stm32f030x6.s
   Uses
      At line 69 in file ..\\mbed\\targets\\TARGET_STM\\TARGET_STM32F0\\TARGET_
NUCLEO_F030R8\\device\\TOOLCHAIN_ARM_STD\\startup_stm32f030x6.s
      At line 135 in file ..\\mbed\\targets\\TARGET_STM\\TARGET_STM32F0\\TARGET
_NUCLEO_F030R8\\device\\TOOLCHAIN_ARM_STD\\startup_stm32f030x6.s

SysTick_Handler 00000010

Symbol: SysTick_Handler
   Definitions
      At line 142 in file ..\\mbed\\targets\\TARGET_STM\\TARGET_STM32F0\\TARGET
_NUCLEO_F030R8\\device\\TOOLCHAIN_ARM_STD\\startup_stm32f030x6.s
   Uses
      At line 73 in file ..\\mbed\\targets\\TARGET_STM\\TARGET_STM32F0\\TARGET_
NUCLEO_F030R8\\device\\TOOLCHAIN_ARM_STD\\startup_stm32f030x6.s
      At line 143 in file ..\\mbed\\targets\\TARGET_STM\\TARGET_STM32F0\\TARGET
_NUCLEO_F030R8\\device\\TOOLCHAIN_ARM_STD\\startup_stm32f030x6.s

TIM14_IRQHandler 00000012




ARM Macro Assembler    Page 5 Alphabetic symbol ordering
Relocatable symbols

Symbol: TIM14_IRQHandler
   Definitions
      At line 185 in file ..\\mbed\\targets\\TARGET_STM\\TARGET_STM32F0\\TARGET
_NUCLEO_F030R8\\device\\TOOLCHAIN_ARM_STD\\startup_stm32f030x6.s
   Uses
      At line 95 in file ..\\mbed\\targets\\TARGET_STM\\TARGET_STM32F0\\TARGET_
NUCLEO_F030R8\\device\\TOOLCHAIN_ARM_STD\\startup_stm32f030x6.s
      At line 163 in file ..\\mbed\\targets\\TARGET_STM\\TARGET_STM32F0\\TARGET
_NUCLEO_F030R8\\device\\TOOLCHAIN_ARM_STD\\startup_stm32f030x6.s

TIM16_IRQHandler 00000012

Symbol: TIM16_IRQHandler
   Definitions
      At line 186 in file ..\\mbed\\targets\\TARGET_STM\\TARGET_STM32F0\\TARGET
_NUCLEO_F030R8\\device\\TOOLCHAIN_ARM_STD\\startup_stm32f030x6.s
   Uses
      At line 97 in file ..\\mbed\\targets\\TARGET_STM\\TARGET_STM32F0\\TARGET_
NUCLEO_F030R8\\device\\TOOLCHAIN_ARM_STD\\startup_stm32f030x6.s
      At line 164 in file ..\\mbed\\targets\\TARGET_STM\\TARGET_STM32F0\\TARGET
_NUCLEO_F030R8\\device\\TOOLCHAIN_ARM_STD\\startup_stm32f030x6.s

TIM17_IRQHandler 00000012

Symbol: TIM17_IRQHandler
   Definitions
      At line 187 in file ..\\mbed\\targets\\TARGET_STM\\TARGET_STM32F0\\TARGET
_NUCLEO_F030R8\\device\\TOOLCHAIN_ARM_STD\\startup_stm32f030x6.s
   Uses
      At line 98 in file ..\\mbed\\targets\\TARGET_STM\\TARGET_STM32F0\\TARGET_
NUCLEO_F030R8\\device\\TOOLCHAIN_ARM_STD\\startup_stm32f030x6.s
      At line 165 in file ..\\mbed\\targets\\TARGET_STM\\TARGET_STM32F0\\TARGET
_NUCLEO_F030R8\\device\\TOOLCHAIN_ARM_STD\\startup_stm32f030x6.s

TIM1_BRK_UP_TRG_COM_IRQHandler 00000012

Symbol: TIM1_BRK_UP_TRG_COM_IRQHandler
   Definitions
      At line 182 in file ..\\mbed\\targets\\TARGET_STM\\TARGET_STM32F0\\TARGET
_NUCLEO_F030R8\\device\\TOOLCHAIN_ARM_STD\\startup_stm32f030x6.s
   Uses
      At line 89 in file ..\\mbed\\targets\\TARGET_STM\\TARGET_STM32F0\\TARGET_
NUCLEO_F030R8\\device\\TOOLCHAIN_ARM_STD\\startup_stm32f030x6.s
      At line 160 in file ..\\mbed\\targets\\TARGET_STM\\TARGET_STM32F0\\TARGET
_NUCLEO_F030R8\\device\\TOOLCHAIN_ARM_STD\\startup_stm32f030x6.s

TIM1_CC_IRQHandler 00000012

Symbol: TIM1_CC_IRQHandler
   Definitions
      At line 183 in file ..\\mbed\\targets\\TARGET_STM\\TARGET_STM32F0\\TARGET
_NUCLEO_F030R8\\device\\TOOLCHAIN_ARM_STD\\startup_stm32f030x6.s
   Uses
      At line 90 in file ..\\mbed\\targets\\TARGET_STM\\TARGET_STM32F0\\TARGET_
NUCLEO_F030R8\\device\\TOOLCHAIN_ARM_STD\\startup_stm32f030x6.s
      At line 161 in file ..\\mbed\\targets\\TARGET_STM\\TARGET_STM32F0\\TARGET
_NUCLEO_F030R8\\device\\TOOLCHAIN_ARM_STD\\startup_stm32f030x6.s

TIM3_IRQHandler 00000012



ARM Macro Assembler    Page 6 Alphabetic symbol ordering
Relocatable symbols


Symbol: TIM3_IRQHandler
   Definitions
      At line 184 in file ..\\mbed\\targets\\TARGET_STM\\TARGET_STM32F0\\TARGET
_NUCLEO_F030R8\\device\\TOOLCHAIN_ARM_STD\\startup_stm32f030x6.s
   Uses
      At line 92 in file ..\\mbed\\targets\\TARGET_STM\\TARGET_STM32F0\\TARGET_
NUCLEO_F030R8\\device\\TOOLCHAIN_ARM_STD\\startup_stm32f030x6.s
      At line 162 in file ..\\mbed\\targets\\TARGET_STM\\TARGET_STM32F0\\TARGET
_NUCLEO_F030R8\\device\\TOOLCHAIN_ARM_STD\\startup_stm32f030x6.s

USART1_IRQHandler 00000012

Symbol: USART1_IRQHandler
   Definitions
      At line 190 in file ..\\mbed\\targets\\TARGET_STM\\TARGET_STM32F0\\TARGET
_NUCLEO_F030R8\\device\\TOOLCHAIN_ARM_STD\\startup_stm32f030x6.s
   Uses
      At line 103 in file ..\\mbed\\targets\\TARGET_STM\\TARGET_STM32F0\\TARGET
_NUCLEO_F030R8\\device\\TOOLCHAIN_ARM_STD\\startup_stm32f030x6.s
      At line 168 in file ..\\mbed\\targets\\TARGET_STM\\TARGET_STM32F0\\TARGET
_NUCLEO_F030R8\\device\\TOOLCHAIN_ARM_STD\\startup_stm32f030x6.s

WWDG_IRQHandler 00000012

Symbol: WWDG_IRQHandler
   Definitions
      At line 171 in file ..\\mbed\\targets\\TARGET_STM\\TARGET_STM32F0\\TARGET
_NUCLEO_F030R8\\device\\TOOLCHAIN_ARM_STD\\startup_stm32f030x6.s
   Uses
      At line 76 in file ..\\mbed\\targets\\TARGET_STM\\TARGET_STM32F0\\TARGET_
NUCLEO_F030R8\\device\\TOOLCHAIN_ARM_STD\\startup_stm32f030x6.s
      At line 149 in file ..\\mbed\\targets\\TARGET_STM\\TARGET_STM32F0\\TARGET
_NUCLEO_F030R8\\device\\TOOLCHAIN_ARM_STD\\startup_stm32f030x6.s

28 symbols



ARM Macro Assembler    Page 1 Alphabetic symbol ordering
Absolute symbols

__Vectors_Size 000000B0

Symbol: __Vectors_Size
   Definitions
      At line 108 in file ..\\mbed\\targets\\TARGET_STM\\TARGET_STM32F0\\TARGET
_NUCLEO_F030R8\\device\\TOOLCHAIN_ARM_STD\\startup_stm32f030x6.s
   Uses
      At line 56 in file ..\\mbed\\targets\\TARGET_STM\\TARGET_STM32F0\\TARGET_
NUCLEO_F030R8\\device\\TOOLCHAIN_ARM_STD\\startup_stm32f030x6.s
Comment: __Vectors_Size used once
__initial_sp 20001000

Symbol: __initial_sp
   Definitions
      At line 46 in file ..\\mbed\\targets\\TARGET_STM\\TARGET_STM32F0\\TARGET_
NUCLEO_F030R8\\device\\TOOLCHAIN_ARM_STD\\startup_stm32f030x6.s
   Uses
      At line 58 in file ..\\mbed\\targets\\TARGET_STM\\TARGET_STM32F0\\TARGET_
NUCLEO_F030R8\\device\\TOOLCHAIN_ARM_STD\\startup_stm32f030x6.s
Comment: __initial_sp used once
2 symbols



ARM Macro Assembler    Page 1 Alphabetic symbol ordering
External symbols

SystemInit 00000000

Symbol: SystemInit
   Definitions
      At line 116 in file ..\\mbed\\targets\\TARGET_STM\\TARGET_STM32F0\\TARGET
_NUCLEO_F030R8\\device\\TOOLCHAIN_ARM_STD\\startup_stm32f030x6.s
   Uses
      At line 117 in file ..\\mbed\\targets\\TARGET_STM\\TARGET_STM32F0\\TARGET
_NUCLEO_F030R8\\device\\TOOLCHAIN_ARM_STD\\startup_stm32f030x6.s
Comment: SystemInit used once
__main 00000000

Symbol: __main
   Definitions
      At line 115 in file ..\\mbed\\targets\\TARGET_STM\\TARGET_STM32F0\\TARGET
_NUCLEO_F030R8\\device\\TOOLCHAIN_ARM_STD\\startup_stm32f030x6.s
   Uses
      At line 119 in file ..\\mbed\\targets\\TARGET_STM\\TARGET_STM32F0\\TARGET
_NUCLEO_F030R8\\device\\TOOLCHAIN_ARM_STD\\startup_stm32f030x6.s
Comment: __main used once
2 symbols
369 symbols in table
